
**** Build of configuration Nios II for project teste1 ****

make all 
Info: Building ../teste1_bsp/
make --no-print-directory -C ../teste1_bsp/
[BSP build complete]
Info: Compiling hello_world_small.c to obj/default/hello_world_small.o
nios2-elf-gcc -xc -MP -MMD -c -I../teste1_bsp//HAL/inc -I../teste1_bsp/ -I../teste1_bsp//drivers/inc  -DSYSTEM_BUS_WIDTH=32 -pipe -D__hal__ -DALT_NO_C_PLUS_PLUS -DALT_NO_CLEAN_EXIT -DALT_NO_EXIT -DALT_USE_DIRECT_DRIVERS -DALT_NO_INSTRUCTION_EMULATION -DALT_USE_SMALL_DRIVERS -DSMALL_C_LIB -DALT_SINGLE_THREADED    -Os -g -Wall   -EL -mno-hw-div -mno-hw-mul -mno-hw-mulx  -o obj/default/hello_world_small.o hello_world_small.c
Info: Linking teste1.elf
nios2-elf-g++  -T'../teste1_bsp//linker.x' -msys-crt0='../teste1_bsp//obj/HAL/src/crt0.o' -msys-lib=hal_bsp -L../teste1_bsp/  -Wl,--defsym,exit=_exit -msmallc  -Wl,-Map=teste1.map   -Os -g -Wall   -EL -mno-hw-div -mno-hw-mul -mno-hw-mulx  -o teste1.elf obj/default/hello_world_small.o -lm 
nios2-elf-insert teste1.elf --thread_model hal --cpu_name cpu --qsys true --simulation_enabled false --stderr_dev none --stdin_dev none --stdout_dev none --sopc_system_name HSys --quartus_project_dir "E:/SNios_new" --sopcinfo E:/SNios_new/HSys.sopcinfo
Info: (teste1.elf) 220 Bytes program size (code + initialized data).
Info:              7972 Bytes free for stack + heap.
Info: Creating teste1.objdump
nios2-elf-objdump --disassemble --syms --all-header --source teste1.elf >teste1.objdump
[teste1 build complete]

**** Build Finished ****

**** Build of configuration Nios II for project teste1 ****

make all 
Info: Building ../teste1_bsp/
make --no-print-directory -C ../teste1_bsp/
[BSP build complete]
[teste1 build complete]

**** Build Finished ****

**** Build of configuration Nios II for project teste1 ****

make all 
Info: Building ../teste1_bsp/
make --no-print-directory -C ../teste1_bsp/
[BSP build complete]
[teste1 build complete]

**** Build Finished ****

**** Build of configuration Nios II for project teste1 ****

make all 
Info: Building ../teste1_bsp/
make --no-print-directory -C ../teste1_bsp/
[BSP build complete]
[teste1 build complete]

**** Build Finished ****
