Analysis & Synthesis report for FlowControl
Wed Sep 21 22:29:11 2022
Quartus Prime Version 21.1.1 Build 850 06/23/2022 SJ Lite Edition


---------------------
; Table of Contents ;
---------------------
  1. Legal Notice
  2. Analysis & Synthesis Summary
  3. Analysis & Synthesis Settings
  4. Parallel Compilation
  5. Analysis & Synthesis Source Files Read
  6. Analysis & Synthesis Resource Usage Summary
  7. Analysis & Synthesis Resource Utilization by Entity
  8. Analysis & Synthesis RAM Summary
  9. Registers Removed During Synthesis
 10. General Register Statistics
 11. Inverted Register Statistics
 12. Registers Added for RAM Pass-Through Logic
 13. Multiplexer Restructuring Statistics (Restructuring Performed)
 14. Source assignments for module_fifo_regs_with_flags:fifo|altsyncram:r_FIFO_DATA_rtl_0|altsyncram_hej1:auto_generated
 15. Parameter Settings for User Entity Instance: module_fifo_regs_with_flags:fifo
 16. Parameter Settings for User Entity Instance: single_port_RAM:bram1
 17. Parameter Settings for User Entity Instance: single_port_RAM:bram2
 18. Parameter Settings for User Entity Instance: cont_generic:wr_addr_cont
 19. Parameter Settings for User Entity Instance: cont_generic:rd_addr_cont
 20. Parameter Settings for Inferred Entity Instance: module_fifo_regs_with_flags:fifo|altsyncram:r_FIFO_DATA_rtl_0
 21. altsyncram Parameter Settings by Entity Instance
 22. Port Connectivity Checks: "cont_generic:rd_addr_cont"
 23. Port Connectivity Checks: "cont_generic:wr_addr_cont"
 24. Port Connectivity Checks: "module_fifo_regs_with_flags:fifo"
 25. Post-Synthesis Netlist Statistics for Top Partition
 26. Elapsed Time Per Partition
 27. Analysis & Synthesis Messages



----------------
; Legal Notice ;
----------------
Copyright (C) 2022  Intel Corporation. All rights reserved.
Your use of Intel Corporation's design tools, logic functions 
and other software and tools, and any partner logic 
functions, and any output files from any of the foregoing 
(including device programming or simulation files), and any 
associated documentation or information are expressly subject 
to the terms and conditions of the Intel Program License 
Subscription Agreement, the Intel Quartus Prime License Agreement,
the Intel FPGA IP License Agreement, or other applicable license
agreement, including, without limitation, that your use is for
the sole purpose of programming logic devices manufactured by
Intel and sold by Intel or its authorized distributors.  Please
refer to the applicable agreement for further details, at
https://fpgasoftware.intel.com/eula.



+----------------------------------------------------------------------------------+
; Analysis & Synthesis Summary                                                     ;
+------------------------------------+---------------------------------------------+
; Analysis & Synthesis Status        ; Successful - Wed Sep 21 22:29:10 2022       ;
; Quartus Prime Version              ; 21.1.1 Build 850 06/23/2022 SJ Lite Edition ;
; Revision Name                      ; FlowControl                                 ;
; Top-level Entity Name              ; FlowControl                                 ;
; Family                             ; Cyclone IV E                                ;
; Total logic elements               ; 29,641                                      ;
;     Total combinational functions  ; 13,239                                      ;
;     Dedicated logic registers      ; 16,506                                      ;
; Total registers                    ; 16506                                       ;
; Total pins                         ; 74                                          ;
; Total virtual pins                 ; 0                                           ;
; Total memory bits                  ; 4,096                                       ;
; Embedded Multiplier 9-bit elements ; 0                                           ;
; Total PLLs                         ; 0                                           ;
+------------------------------------+---------------------------------------------+


+------------------------------------------------------------------------------------------------------------+
; Analysis & Synthesis Settings                                                                              ;
+------------------------------------------------------------------+--------------------+--------------------+
; Option                                                           ; Setting            ; Default Value      ;
+------------------------------------------------------------------+--------------------+--------------------+
; Device                                                           ; EP4CE22F17C6       ;                    ;
; Top-level entity name                                            ; FlowControl        ; FlowControl        ;
; Family name                                                      ; Cyclone IV E       ; Cyclone V          ;
; Use smart compilation                                            ; Off                ; Off                ;
; Enable parallel Assembler and Timing Analyzer during compilation ; On                 ; On                 ;
; Enable compact report table                                      ; Off                ; Off                ;
; Restructure Multiplexers                                         ; Auto               ; Auto               ;
; Create Debugging Nodes for IP Cores                              ; Off                ; Off                ;
; Preserve fewer node names                                        ; On                 ; On                 ;
; Intel FPGA IP Evaluation Mode                                    ; Enable             ; Enable             ;
; Verilog Version                                                  ; Verilog_2001       ; Verilog_2001       ;
; VHDL Version                                                     ; VHDL_1993          ; VHDL_1993          ;
; State Machine Processing                                         ; Auto               ; Auto               ;
; Safe State Machine                                               ; Off                ; Off                ;
; Extract Verilog State Machines                                   ; On                 ; On                 ;
; Extract VHDL State Machines                                      ; On                 ; On                 ;
; Ignore Verilog initial constructs                                ; Off                ; Off                ;
; Iteration limit for constant Verilog loops                       ; 5000               ; 5000               ;
; Iteration limit for non-constant Verilog loops                   ; 250                ; 250                ;
; Add Pass-Through Logic to Inferred RAMs                          ; On                 ; On                 ;
; Infer RAMs from Raw Logic                                        ; On                 ; On                 ;
; Parallel Synthesis                                               ; On                 ; On                 ;
; DSP Block Balancing                                              ; Auto               ; Auto               ;
; NOT Gate Push-Back                                               ; On                 ; On                 ;
; Power-Up Don't Care                                              ; On                 ; On                 ;
; Remove Redundant Logic Cells                                     ; Off                ; Off                ;
; Remove Duplicate Registers                                       ; On                 ; On                 ;
; Ignore CARRY Buffers                                             ; Off                ; Off                ;
; Ignore CASCADE Buffers                                           ; Off                ; Off                ;
; Ignore GLOBAL Buffers                                            ; Off                ; Off                ;
; Ignore ROW GLOBAL Buffers                                        ; Off                ; Off                ;
; Ignore LCELL Buffers                                             ; Off                ; Off                ;
; Ignore SOFT Buffers                                              ; On                 ; On                 ;
; Limit AHDL Integers to 32 Bits                                   ; Off                ; Off                ;
; Optimization Technique                                           ; Balanced           ; Balanced           ;
; Carry Chain Length                                               ; 70                 ; 70                 ;
; Auto Carry Chains                                                ; On                 ; On                 ;
; Auto Open-Drain Pins                                             ; On                 ; On                 ;
; Perform WYSIWYG Primitive Resynthesis                            ; Off                ; Off                ;
; Auto ROM Replacement                                             ; On                 ; On                 ;
; Auto RAM Replacement                                             ; On                 ; On                 ;
; Auto DSP Block Replacement                                       ; On                 ; On                 ;
; Auto Shift Register Replacement                                  ; Auto               ; Auto               ;
; Allow Shift Register Merging across Hierarchies                  ; Auto               ; Auto               ;
; Auto Clock Enable Replacement                                    ; On                 ; On                 ;
; Strict RAM Replacement                                           ; Off                ; Off                ;
; Allow Synchronous Control Signals                                ; On                 ; On                 ;
; Force Use of Synchronous Clear Signals                           ; Off                ; Off                ;
; Auto RAM Block Balancing                                         ; On                 ; On                 ;
; Auto RAM to Logic Cell Conversion                                ; Off                ; Off                ;
; Auto Resource Sharing                                            ; Off                ; Off                ;
; Allow Any RAM Size For Recognition                               ; Off                ; Off                ;
; Allow Any ROM Size For Recognition                               ; Off                ; Off                ;
; Allow Any Shift Register Size For Recognition                    ; Off                ; Off                ;
; Use LogicLock Constraints during Resource Balancing              ; On                 ; On                 ;
; Ignore translate_off and synthesis_off directives                ; Off                ; Off                ;
; Timing-Driven Synthesis                                          ; On                 ; On                 ;
; Report Parameter Settings                                        ; On                 ; On                 ;
; Report Source Assignments                                        ; On                 ; On                 ;
; Report Connectivity Checks                                       ; On                 ; On                 ;
; Ignore Maximum Fan-Out Assignments                               ; Off                ; Off                ;
; Synchronization Register Chain Length                            ; 2                  ; 2                  ;
; Power Optimization During Synthesis                              ; Normal compilation ; Normal compilation ;
; HDL message level                                                ; Level2             ; Level2             ;
; Suppress Register Optimization Related Messages                  ; Off                ; Off                ;
; Number of Removed Registers Reported in Synthesis Report         ; 5000               ; 5000               ;
; Number of Swept Nodes Reported in Synthesis Report               ; 5000               ; 5000               ;
; Number of Inverted Registers Reported in Synthesis Report        ; 100                ; 100                ;
; Clock MUX Protection                                             ; On                 ; On                 ;
; Auto Gated Clock Conversion                                      ; Off                ; Off                ;
; Block Design Naming                                              ; Auto               ; Auto               ;
; SDC constraint protection                                        ; Off                ; Off                ;
; Synthesis Effort                                                 ; Auto               ; Auto               ;
; Shift Register Replacement - Allow Asynchronous Clear Signal     ; On                 ; On                 ;
; Pre-Mapping Resynthesis Optimization                             ; Off                ; Off                ;
; Analysis & Synthesis Message Level                               ; Medium             ; Medium             ;
; Disable Register Merging Across Hierarchies                      ; Auto               ; Auto               ;
; Resource Aware Inference For Block RAM                           ; On                 ; On                 ;
+------------------------------------------------------------------+--------------------+--------------------+


+------------------------------------------+
; Parallel Compilation                     ;
+----------------------------+-------------+
; Processors                 ; Number      ;
+----------------------------+-------------+
; Number detected on machine ; 12          ;
; Maximum allowed            ; 6           ;
;                            ;             ;
; Average used               ; 1.01        ;
; Maximum used               ; 6           ;
;                            ;             ;
; Usage by Processor         ; % Time Used ;
;     Processor 1            ; 100.0%      ;
;     Processor 2            ;   0.3%      ;
;     Processor 3            ;   0.3%      ;
;     Processor 4            ;   0.3%      ;
;     Processor 5            ;   0.3%      ;
;     Processor 6            ;   0.3%      ;
+----------------------------+-------------+


+-------------------------------------------------------------------------------------------------------------------------------------------------------------------------------------------------------------------------------------------------------------------------+
; Analysis & Synthesis Source Files Read                                                                                                                                                                                                                                  ;
+------------------------------------------------------------------+-----------------+-------------------------------------------------------+------------------------------------------------------------------------------------------------------------------+---------+
; File Name with User-Entered Path                                 ; Used in Netlist ; File Type                                             ; File Name with Absolute Path                                                                                     ; Library ;
+------------------------------------------------------------------+-----------------+-------------------------------------------------------+------------------------------------------------------------------------------------------------------------------+---------+
; single_port_RAM.vhd                                              ; yes             ; User VHDL File                                        ; D:/Docs/Universidade/LogicaReconfiguravel/Lab03/single_port_RAM.vhd                                              ;         ;
; FlowControl.vhd                                                  ; yes             ; User VHDL File                                        ; D:/Docs/Universidade/LogicaReconfiguravel/Lab03/FlowControl.vhd                                                  ;         ;
; FIFO.vhd                                                         ; yes             ; User VHDL File                                        ; D:/Docs/Universidade/LogicaReconfiguravel/Lab03/FIFO.vhd                                                         ;         ;
; statemachine.vhd                                                 ; yes             ; User VHDL File                                        ; D:/Docs/Universidade/LogicaReconfiguravel/Lab03/statemachine.vhd                                                 ;         ;
; cont_generic.vhd                                                 ; yes             ; User VHDL File                                        ; D:/Docs/Universidade/LogicaReconfiguravel/Lab03/cont_generic.vhd                                                 ;         ;
; altsyncram.tdf                                                   ; yes             ; Megafunction                                          ; d:/programfiles/intelfpga_lite/21.1/quartus/libraries/megafunctions/altsyncram.tdf                               ;         ;
; stratix_ram_block.inc                                            ; yes             ; Megafunction                                          ; d:/programfiles/intelfpga_lite/21.1/quartus/libraries/megafunctions/stratix_ram_block.inc                        ;         ;
; lpm_mux.inc                                                      ; yes             ; Megafunction                                          ; d:/programfiles/intelfpga_lite/21.1/quartus/libraries/megafunctions/lpm_mux.inc                                  ;         ;
; lpm_decode.inc                                                   ; yes             ; Megafunction                                          ; d:/programfiles/intelfpga_lite/21.1/quartus/libraries/megafunctions/lpm_decode.inc                               ;         ;
; aglobal211.inc                                                   ; yes             ; Megafunction                                          ; d:/programfiles/intelfpga_lite/21.1/quartus/libraries/megafunctions/aglobal211.inc                               ;         ;
; a_rdenreg.inc                                                    ; yes             ; Megafunction                                          ; d:/programfiles/intelfpga_lite/21.1/quartus/libraries/megafunctions/a_rdenreg.inc                                ;         ;
; altrom.inc                                                       ; yes             ; Megafunction                                          ; d:/programfiles/intelfpga_lite/21.1/quartus/libraries/megafunctions/altrom.inc                                   ;         ;
; altram.inc                                                       ; yes             ; Megafunction                                          ; d:/programfiles/intelfpga_lite/21.1/quartus/libraries/megafunctions/altram.inc                                   ;         ;
; altdpram.inc                                                     ; yes             ; Megafunction                                          ; d:/programfiles/intelfpga_lite/21.1/quartus/libraries/megafunctions/altdpram.inc                                 ;         ;
; db/altsyncram_hej1.tdf                                           ; yes             ; Auto-Generated Megafunction                           ; D:/Docs/Universidade/LogicaReconfiguravel/Lab03/db/altsyncram_hej1.tdf                                           ;         ;
; db/flowcontrol.ram0_module_fifo_regs_with_flags_49f77530.hdl.mif ; yes             ; Auto-Generated Auto-Found Memory Initialization File  ; D:/Docs/Universidade/LogicaReconfiguravel/Lab03/db/flowcontrol.ram0_module_fifo_regs_with_flags_49f77530.hdl.mif ;         ;
+------------------------------------------------------------------+-----------------+-------------------------------------------------------+------------------------------------------------------------------------------------------------------------------+---------+


+---------------------------------------------------------+
; Analysis & Synthesis Resource Usage Summary             ;
+---------------------------------------------+-----------+
; Resource                                    ; Usage     ;
+---------------------------------------------+-----------+
; Estimated Total logic elements              ; 29,641    ;
;                                             ;           ;
; Total combinational functions               ; 13239     ;
; Logic element usage by number of LUT inputs ;           ;
;     -- 4 input functions                    ; 11105     ;
;     -- 3 input functions                    ; 1304      ;
;     -- <=2 input functions                  ; 830       ;
;                                             ;           ;
; Logic elements by mode                      ;           ;
;     -- normal mode                          ; 13164     ;
;     -- arithmetic mode                      ; 75        ;
;                                             ;           ;
; Total registers                             ; 16506     ;
;     -- Dedicated logic registers            ; 16506     ;
;     -- I/O registers                        ; 0         ;
;                                             ;           ;
; I/O pins                                    ; 74        ;
; Total memory bits                           ; 4096      ;
;                                             ;           ;
; Embedded Multiplier 9-bit elements          ; 0         ;
;                                             ;           ;
; Maximum fan-out node                        ; clk~input ;
; Maximum fan-out                             ; 8280      ;
; Total fan-out                               ; 99727     ;
; Average fan-out                             ; 3.34      ;
+---------------------------------------------+-----------+


+-------------------------------------------------------------------------------------------------------------------------------------------------------------------------------------------------------------------------------------------------------------------------------------------------------------------------------+
; Analysis & Synthesis Resource Utilization by Entity                                                                                                                                                                                                                                                                           ;
+-------------------------------------------+---------------------+---------------------------+-------------+--------------+---------+-----------+------+--------------+-----------------------------------------------------------------------------------------------------------+-----------------------------+--------------+
; Compilation Hierarchy Node                ; Combinational ALUTs ; Dedicated Logic Registers ; Memory Bits ; DSP Elements ; DSP 9x9 ; DSP 18x18 ; Pins ; Virtual Pins ; Full Hierarchy Name                                                                                       ; Entity Name                 ; Library Name ;
+-------------------------------------------+---------------------+---------------------------+-------------+--------------+---------+-----------+------+--------------+-----------------------------------------------------------------------------------------------------------+-----------------------------+--------------+
; |FlowControl                              ; 13239 (12)          ; 16506 (2)                 ; 4096        ; 0            ; 0       ; 0         ; 74   ; 0            ; |FlowControl                                                                                              ; FlowControl                 ; work         ;
;    |cont_generic:rd_addr_cont|            ; 10 (10)             ; 10 (10)                   ; 0           ; 0            ; 0       ; 0         ; 0    ; 0            ; |FlowControl|cont_generic:rd_addr_cont                                                                    ; cont_generic                ; work         ;
;    |cont_generic:wr_addr_cont|            ; 10 (10)             ; 10 (10)                   ; 0           ; 0            ; 0       ; 0         ; 0    ; 0            ; |FlowControl|cont_generic:wr_addr_cont                                                                    ; cont_generic                ; work         ;
;    |module_fifo_regs_with_flags:fifo|     ; 114 (114)           ; 96 (96)                   ; 4096        ; 0            ; 0       ; 0         ; 0    ; 0            ; |FlowControl|module_fifo_regs_with_flags:fifo                                                             ; module_fifo_regs_with_flags ; work         ;
;       |altsyncram:r_FIFO_DATA_rtl_0|      ; 0 (0)               ; 0 (0)                     ; 4096        ; 0            ; 0       ; 0         ; 0    ; 0            ; |FlowControl|module_fifo_regs_with_flags:fifo|altsyncram:r_FIFO_DATA_rtl_0                                ; altsyncram                  ; work         ;
;          |altsyncram_hej1:auto_generated| ; 0 (0)               ; 0 (0)                     ; 4096        ; 0            ; 0       ; 0         ; 0    ; 0            ; |FlowControl|module_fifo_regs_with_flags:fifo|altsyncram:r_FIFO_DATA_rtl_0|altsyncram_hej1:auto_generated ; altsyncram_hej1             ; work         ;
;    |single_port_RAM:bram1|                ; 6546 (6546)         ; 8192 (8192)               ; 0           ; 0            ; 0       ; 0         ; 0    ; 0            ; |FlowControl|single_port_RAM:bram1                                                                        ; single_port_RAM             ; work         ;
;    |single_port_RAM:bram2|                ; 6540 (6540)         ; 8192 (8192)               ; 0           ; 0            ; 0       ; 0         ; 0    ; 0            ; |FlowControl|single_port_RAM:bram2                                                                        ; single_port_RAM             ; work         ;
;    |statemachine:sm_read|                 ; 4 (4)               ; 2 (2)                     ; 0           ; 0            ; 0       ; 0         ; 0    ; 0            ; |FlowControl|statemachine:sm_read                                                                         ; statemachine                ; work         ;
;    |statemachine:sm_write|                ; 3 (3)               ; 2 (2)                     ; 0           ; 0            ; 0       ; 0         ; 0    ; 0            ; |FlowControl|statemachine:sm_write                                                                        ; statemachine                ; work         ;
+-------------------------------------------+---------------------+---------------------------+-------------+--------------+---------+-----------+------+--------------+-----------------------------------------------------------------------------------------------------------+-----------------------------+--------------+
Note: For table entries with two numbers listed, the numbers in parentheses indicate the number of resources of the given type used by the specific entity alone. The numbers listed outside of parentheses indicate the total resources of the given type used by the specific entity and all of its sub-entities in the hierarchy.


+-------------------------------------------------------------------------------------------------------------------------------------------------------------------------------------------------------------------------------------------------------------------------+
; Analysis & Synthesis RAM Summary                                                                                                                                                                                                                                        ;
+---------------------------------------------------------------------------------------------------------+------+------------------+--------------+--------------+--------------+--------------+------+------------------------------------------------------------------+
; Name                                                                                                    ; Type ; Mode             ; Port A Depth ; Port A Width ; Port B Depth ; Port B Width ; Size ; MIF                                                              ;
+---------------------------------------------------------------------------------------------------------+------+------------------+--------------+--------------+--------------+--------------+------+------------------------------------------------------------------+
; module_fifo_regs_with_flags:fifo|altsyncram:r_FIFO_DATA_rtl_0|altsyncram_hej1:auto_generated|ALTSYNCRAM ; AUTO ; Simple Dual Port ; 512          ; 8            ; 512          ; 8            ; 4096 ; db/FlowControl.ram0_module_fifo_regs_with_flags_49f77530.hdl.mif ;
+---------------------------------------------------------------------------------------------------------+------+------------------+--------------+--------------+--------------+--------------+------+------------------------------------------------------------------+


+--------------------------------------------------------------------------------+
; Registers Removed During Synthesis                                             ;
+---------------------------------------+----------------------------------------+
; Register name                         ; Reason for Removal                     ;
+---------------------------------------+----------------------------------------+
; statemachine:sm_write|q[2]            ; Stuck at GND due to stuck port data_in ;
; statemachine:sm_read|q[2]             ; Stuck at GND due to stuck port data_in ;
; Total Number of Removed Registers = 2 ;                                        ;
+---------------------------------------+----------------------------------------+


+------------------------------------------------------+
; General Register Statistics                          ;
+----------------------------------------------+-------+
; Statistic                                    ; Value ;
+----------------------------------------------+-------+
; Total registers                              ; 16506 ;
; Number of registers using Synchronous Clear  ; 20    ;
; Number of registers using Synchronous Load   ; 0     ;
; Number of registers using Asynchronous Clear ; 20    ;
; Number of registers using Asynchronous Load  ; 0     ;
; Number of registers using Clock Enable       ; 16404 ;
; Number of registers using Preset             ; 0     ;
+----------------------------------------------+-------+


+-------------------------------------------------------------------------+
; Inverted Register Statistics                                            ;
+---------------------------------------------------------------+---------+
; Inverted Register                                             ; Fan out ;
+---------------------------------------------------------------+---------+
; module_fifo_regs_with_flags:fifo|r_FIFO_DATA_rtl_0_bypass[20] ; 1       ;
; module_fifo_regs_with_flags:fifo|r_FIFO_DATA_rtl_0_bypass[22] ; 1       ;
; module_fifo_regs_with_flags:fifo|r_FIFO_DATA_rtl_0_bypass[24] ; 1       ;
; module_fifo_regs_with_flags:fifo|r_FIFO_DATA_rtl_0_bypass[26] ; 1       ;
; module_fifo_regs_with_flags:fifo|r_FIFO_DATA_rtl_0_bypass[28] ; 1       ;
; module_fifo_regs_with_flags:fifo|r_FIFO_DATA_rtl_0_bypass[30] ; 1       ;
; module_fifo_regs_with_flags:fifo|r_FIFO_DATA_rtl_0_bypass[32] ; 1       ;
; module_fifo_regs_with_flags:fifo|r_FIFO_DATA_rtl_0_bypass[34] ; 1       ;
; Total number of inverted registers = 8                        ;         ;
+---------------------------------------------------------------+---------+


+--------------------------------------------------------------------------------------------------------------------+
; Registers Added for RAM Pass-Through Logic                                                                         ;
+---------------------------------------------------------------+----------------------------------------------------+
; Register Name                                                 ; RAM Name                                           ;
+---------------------------------------------------------------+----------------------------------------------------+
; module_fifo_regs_with_flags:fifo|r_FIFO_DATA_rtl_0_bypass[0]  ; module_fifo_regs_with_flags:fifo|r_FIFO_DATA_rtl_0 ;
; module_fifo_regs_with_flags:fifo|r_FIFO_DATA_rtl_0_bypass[1]  ; module_fifo_regs_with_flags:fifo|r_FIFO_DATA_rtl_0 ;
; module_fifo_regs_with_flags:fifo|r_FIFO_DATA_rtl_0_bypass[2]  ; module_fifo_regs_with_flags:fifo|r_FIFO_DATA_rtl_0 ;
; module_fifo_regs_with_flags:fifo|r_FIFO_DATA_rtl_0_bypass[3]  ; module_fifo_regs_with_flags:fifo|r_FIFO_DATA_rtl_0 ;
; module_fifo_regs_with_flags:fifo|r_FIFO_DATA_rtl_0_bypass[4]  ; module_fifo_regs_with_flags:fifo|r_FIFO_DATA_rtl_0 ;
; module_fifo_regs_with_flags:fifo|r_FIFO_DATA_rtl_0_bypass[5]  ; module_fifo_regs_with_flags:fifo|r_FIFO_DATA_rtl_0 ;
; module_fifo_regs_with_flags:fifo|r_FIFO_DATA_rtl_0_bypass[6]  ; module_fifo_regs_with_flags:fifo|r_FIFO_DATA_rtl_0 ;
; module_fifo_regs_with_flags:fifo|r_FIFO_DATA_rtl_0_bypass[7]  ; module_fifo_regs_with_flags:fifo|r_FIFO_DATA_rtl_0 ;
; module_fifo_regs_with_flags:fifo|r_FIFO_DATA_rtl_0_bypass[8]  ; module_fifo_regs_with_flags:fifo|r_FIFO_DATA_rtl_0 ;
; module_fifo_regs_with_flags:fifo|r_FIFO_DATA_rtl_0_bypass[9]  ; module_fifo_regs_with_flags:fifo|r_FIFO_DATA_rtl_0 ;
; module_fifo_regs_with_flags:fifo|r_FIFO_DATA_rtl_0_bypass[10] ; module_fifo_regs_with_flags:fifo|r_FIFO_DATA_rtl_0 ;
; module_fifo_regs_with_flags:fifo|r_FIFO_DATA_rtl_0_bypass[11] ; module_fifo_regs_with_flags:fifo|r_FIFO_DATA_rtl_0 ;
; module_fifo_regs_with_flags:fifo|r_FIFO_DATA_rtl_0_bypass[12] ; module_fifo_regs_with_flags:fifo|r_FIFO_DATA_rtl_0 ;
; module_fifo_regs_with_flags:fifo|r_FIFO_DATA_rtl_0_bypass[13] ; module_fifo_regs_with_flags:fifo|r_FIFO_DATA_rtl_0 ;
; module_fifo_regs_with_flags:fifo|r_FIFO_DATA_rtl_0_bypass[14] ; module_fifo_regs_with_flags:fifo|r_FIFO_DATA_rtl_0 ;
; module_fifo_regs_with_flags:fifo|r_FIFO_DATA_rtl_0_bypass[15] ; module_fifo_regs_with_flags:fifo|r_FIFO_DATA_rtl_0 ;
; module_fifo_regs_with_flags:fifo|r_FIFO_DATA_rtl_0_bypass[16] ; module_fifo_regs_with_flags:fifo|r_FIFO_DATA_rtl_0 ;
; module_fifo_regs_with_flags:fifo|r_FIFO_DATA_rtl_0_bypass[17] ; module_fifo_regs_with_flags:fifo|r_FIFO_DATA_rtl_0 ;
; module_fifo_regs_with_flags:fifo|r_FIFO_DATA_rtl_0_bypass[18] ; module_fifo_regs_with_flags:fifo|r_FIFO_DATA_rtl_0 ;
; module_fifo_regs_with_flags:fifo|r_FIFO_DATA_rtl_0_bypass[19] ; module_fifo_regs_with_flags:fifo|r_FIFO_DATA_rtl_0 ;
; module_fifo_regs_with_flags:fifo|r_FIFO_DATA_rtl_0_bypass[20] ; module_fifo_regs_with_flags:fifo|r_FIFO_DATA_rtl_0 ;
; module_fifo_regs_with_flags:fifo|r_FIFO_DATA_rtl_0_bypass[21] ; module_fifo_regs_with_flags:fifo|r_FIFO_DATA_rtl_0 ;
; module_fifo_regs_with_flags:fifo|r_FIFO_DATA_rtl_0_bypass[22] ; module_fifo_regs_with_flags:fifo|r_FIFO_DATA_rtl_0 ;
; module_fifo_regs_with_flags:fifo|r_FIFO_DATA_rtl_0_bypass[23] ; module_fifo_regs_with_flags:fifo|r_FIFO_DATA_rtl_0 ;
; module_fifo_regs_with_flags:fifo|r_FIFO_DATA_rtl_0_bypass[24] ; module_fifo_regs_with_flags:fifo|r_FIFO_DATA_rtl_0 ;
; module_fifo_regs_with_flags:fifo|r_FIFO_DATA_rtl_0_bypass[25] ; module_fifo_regs_with_flags:fifo|r_FIFO_DATA_rtl_0 ;
; module_fifo_regs_with_flags:fifo|r_FIFO_DATA_rtl_0_bypass[26] ; module_fifo_regs_with_flags:fifo|r_FIFO_DATA_rtl_0 ;
; module_fifo_regs_with_flags:fifo|r_FIFO_DATA_rtl_0_bypass[27] ; module_fifo_regs_with_flags:fifo|r_FIFO_DATA_rtl_0 ;
; module_fifo_regs_with_flags:fifo|r_FIFO_DATA_rtl_0_bypass[28] ; module_fifo_regs_with_flags:fifo|r_FIFO_DATA_rtl_0 ;
; module_fifo_regs_with_flags:fifo|r_FIFO_DATA_rtl_0_bypass[29] ; module_fifo_regs_with_flags:fifo|r_FIFO_DATA_rtl_0 ;
; module_fifo_regs_with_flags:fifo|r_FIFO_DATA_rtl_0_bypass[30] ; module_fifo_regs_with_flags:fifo|r_FIFO_DATA_rtl_0 ;
; module_fifo_regs_with_flags:fifo|r_FIFO_DATA_rtl_0_bypass[31] ; module_fifo_regs_with_flags:fifo|r_FIFO_DATA_rtl_0 ;
; module_fifo_regs_with_flags:fifo|r_FIFO_DATA_rtl_0_bypass[32] ; module_fifo_regs_with_flags:fifo|r_FIFO_DATA_rtl_0 ;
; module_fifo_regs_with_flags:fifo|r_FIFO_DATA_rtl_0_bypass[33] ; module_fifo_regs_with_flags:fifo|r_FIFO_DATA_rtl_0 ;
; module_fifo_regs_with_flags:fifo|r_FIFO_DATA_rtl_0_bypass[34] ; module_fifo_regs_with_flags:fifo|r_FIFO_DATA_rtl_0 ;
+---------------------------------------------------------------+----------------------------------------------------+


+-----------------------------------------------------------------------------------------------------------------------------------------------------------------------------+
; Multiplexer Restructuring Statistics (Restructuring Performed)                                                                                                              ;
+--------------------+-----------+---------------+----------------------+------------------------+------------+---------------------------------------------------------------+
; Multiplexer Inputs ; Bus Width ; Baseline Area ; Area if Restructured ; Saving if Restructured ; Registered ; Example Multiplexer Output                                    ;
+--------------------+-----------+---------------+----------------------+------------------------+------------+---------------------------------------------------------------+
; 4:1                ; 9 bits    ; 18 LEs        ; 9 LEs                ; 9 LEs                  ; Yes        ; |FlowControl|module_fifo_regs_with_flags:fifo|r_WR_INDEX[4]   ;
; 5:1                ; 11 bits   ; 33 LEs        ; 22 LEs               ; 11 LEs                 ; Yes        ; |FlowControl|module_fifo_regs_with_flags:fifo|r_FIFO_COUNT[3] ;
; 7:1                ; 2 bits    ; 8 LEs         ; 4 LEs                ; 4 LEs                  ; Yes        ; |FlowControl|statemachine:sm_read|q[1]                        ;
; 7:1                ; 3 bits    ; 12 LEs        ; 6 LEs                ; 6 LEs                  ; Yes        ; |FlowControl|statemachine:sm_write|q[2]                       ;
; 4:1                ; 9 bits    ; 18 LEs        ; 18 LEs               ; 0 LEs                  ; No         ; |FlowControl|module_fifo_regs_with_flags:fifo|r_RD_INDEX      ;
+--------------------+-----------+---------------+----------------------+------------------------+------------+---------------------------------------------------------------+


+---------------------------------------------------------------------------------------------------------------------+
; Source assignments for module_fifo_regs_with_flags:fifo|altsyncram:r_FIFO_DATA_rtl_0|altsyncram_hej1:auto_generated ;
+---------------------------------+--------------------+------+-------------------------------------------------------+
; Assignment                      ; Value              ; From ; To                                                    ;
+---------------------------------+--------------------+------+-------------------------------------------------------+
; OPTIMIZE_POWER_DURING_SYNTHESIS ; NORMAL_COMPILATION ; -    ; -                                                     ;
+---------------------------------+--------------------+------+-------------------------------------------------------+


+-------------------------------------------------------------------------------+
; Parameter Settings for User Entity Instance: module_fifo_regs_with_flags:fifo ;
+----------------+-------+------------------------------------------------------+
; Parameter Name ; Value ; Type                                                 ;
+----------------+-------+------------------------------------------------------+
; g_width        ; 8     ; Signed Integer                                       ;
; g_depth        ; 512   ; Signed Integer                                       ;
; g_af_level     ; 384   ; Signed Integer                                       ;
; g_ae_level     ; 256   ; Signed Integer                                       ;
+----------------+-------+------------------------------------------------------+
Note: In order to hide this table in the UI and the text report file, please set the "Show Parameter Settings in Synthesis Report" option in "Analysis and Synthesis Settings -> More Settings" to "Off".


+--------------------------------------------------------------------+
; Parameter Settings for User Entity Instance: single_port_RAM:bram1 ;
+----------------+-------+-------------------------------------------+
; Parameter Name ; Value ; Type                                      ;
+----------------+-------+-------------------------------------------+
; addr_width     ; 10    ; Signed Integer                            ;
; data_width     ; 8     ; Signed Integer                            ;
+----------------+-------+-------------------------------------------+
Note: In order to hide this table in the UI and the text report file, please set the "Show Parameter Settings in Synthesis Report" option in "Analysis and Synthesis Settings -> More Settings" to "Off".


+--------------------------------------------------------------------+
; Parameter Settings for User Entity Instance: single_port_RAM:bram2 ;
+----------------+-------+-------------------------------------------+
; Parameter Name ; Value ; Type                                      ;
+----------------+-------+-------------------------------------------+
; addr_width     ; 10    ; Signed Integer                            ;
; data_width     ; 8     ; Signed Integer                            ;
+----------------+-------+-------------------------------------------+
Note: In order to hide this table in the UI and the text report file, please set the "Show Parameter Settings in Synthesis Report" option in "Analysis and Synthesis Settings -> More Settings" to "Off".


+------------------------------------------------------------------------+
; Parameter Settings for User Entity Instance: cont_generic:wr_addr_cont ;
+----------------+-------+-----------------------------------------------+
; Parameter Name ; Value ; Type                                          ;
+----------------+-------+-----------------------------------------------+
; cont_width     ; 10    ; Signed Integer                                ;
; cont_max       ; 1024  ; Signed Integer                                ;
+----------------+-------+-----------------------------------------------+
Note: In order to hide this table in the UI and the text report file, please set the "Show Parameter Settings in Synthesis Report" option in "Analysis and Synthesis Settings -> More Settings" to "Off".


+------------------------------------------------------------------------+
; Parameter Settings for User Entity Instance: cont_generic:rd_addr_cont ;
+----------------+-------+-----------------------------------------------+
; Parameter Name ; Value ; Type                                          ;
+----------------+-------+-----------------------------------------------+
; cont_width     ; 10    ; Signed Integer                                ;
; cont_max       ; 1024  ; Signed Integer                                ;
+----------------+-------+-----------------------------------------------+
Note: In order to hide this table in the UI and the text report file, please set the "Show Parameter Settings in Synthesis Report" option in "Analysis and Synthesis Settings -> More Settings" to "Off".


+------------------------------------------------------------------------------------------------------------------------+
; Parameter Settings for Inferred Entity Instance: module_fifo_regs_with_flags:fifo|altsyncram:r_FIFO_DATA_rtl_0         ;
+------------------------------------+------------------------------------------------------------------+----------------+
; Parameter Name                     ; Value                                                            ; Type           ;
+------------------------------------+------------------------------------------------------------------+----------------+
; BYTE_SIZE_BLOCK                    ; 8                                                                ; Untyped        ;
; AUTO_CARRY_CHAINS                  ; ON                                                               ; AUTO_CARRY     ;
; IGNORE_CARRY_BUFFERS               ; OFF                                                              ; IGNORE_CARRY   ;
; AUTO_CASCADE_CHAINS                ; ON                                                               ; AUTO_CASCADE   ;
; IGNORE_CASCADE_BUFFERS             ; OFF                                                              ; IGNORE_CASCADE ;
; WIDTH_BYTEENA                      ; 1                                                                ; Untyped        ;
; OPERATION_MODE                     ; DUAL_PORT                                                        ; Untyped        ;
; WIDTH_A                            ; 8                                                                ; Untyped        ;
; WIDTHAD_A                          ; 9                                                                ; Untyped        ;
; NUMWORDS_A                         ; 512                                                              ; Untyped        ;
; OUTDATA_REG_A                      ; UNREGISTERED                                                     ; Untyped        ;
; ADDRESS_ACLR_A                     ; NONE                                                             ; Untyped        ;
; OUTDATA_ACLR_A                     ; NONE                                                             ; Untyped        ;
; WRCONTROL_ACLR_A                   ; NONE                                                             ; Untyped        ;
; INDATA_ACLR_A                      ; NONE                                                             ; Untyped        ;
; BYTEENA_ACLR_A                     ; NONE                                                             ; Untyped        ;
; WIDTH_B                            ; 8                                                                ; Untyped        ;
; WIDTHAD_B                          ; 9                                                                ; Untyped        ;
; NUMWORDS_B                         ; 512                                                              ; Untyped        ;
; INDATA_REG_B                       ; CLOCK1                                                           ; Untyped        ;
; WRCONTROL_WRADDRESS_REG_B          ; CLOCK1                                                           ; Untyped        ;
; RDCONTROL_REG_B                    ; CLOCK1                                                           ; Untyped        ;
; ADDRESS_REG_B                      ; CLOCK0                                                           ; Untyped        ;
; OUTDATA_REG_B                      ; UNREGISTERED                                                     ; Untyped        ;
; BYTEENA_REG_B                      ; CLOCK1                                                           ; Untyped        ;
; INDATA_ACLR_B                      ; NONE                                                             ; Untyped        ;
; WRCONTROL_ACLR_B                   ; NONE                                                             ; Untyped        ;
; ADDRESS_ACLR_B                     ; NONE                                                             ; Untyped        ;
; OUTDATA_ACLR_B                     ; NONE                                                             ; Untyped        ;
; RDCONTROL_ACLR_B                   ; NONE                                                             ; Untyped        ;
; BYTEENA_ACLR_B                     ; NONE                                                             ; Untyped        ;
; WIDTH_BYTEENA_A                    ; 1                                                                ; Untyped        ;
; WIDTH_BYTEENA_B                    ; 1                                                                ; Untyped        ;
; RAM_BLOCK_TYPE                     ; AUTO                                                             ; Untyped        ;
; BYTE_SIZE                          ; 8                                                                ; Untyped        ;
; READ_DURING_WRITE_MODE_MIXED_PORTS ; DONT_CARE                                                        ; Untyped        ;
; READ_DURING_WRITE_MODE_PORT_A      ; NEW_DATA_NO_NBE_READ                                             ; Untyped        ;
; READ_DURING_WRITE_MODE_PORT_B      ; NEW_DATA_NO_NBE_READ                                             ; Untyped        ;
; INIT_FILE                          ; db/FlowControl.ram0_module_fifo_regs_with_flags_49f77530.hdl.mif ; Untyped        ;
; INIT_FILE_LAYOUT                   ; PORT_A                                                           ; Untyped        ;
; MAXIMUM_DEPTH                      ; 0                                                                ; Untyped        ;
; CLOCK_ENABLE_INPUT_A               ; NORMAL                                                           ; Untyped        ;
; CLOCK_ENABLE_INPUT_B               ; NORMAL                                                           ; Untyped        ;
; CLOCK_ENABLE_OUTPUT_A              ; NORMAL                                                           ; Untyped        ;
; CLOCK_ENABLE_OUTPUT_B              ; NORMAL                                                           ; Untyped        ;
; CLOCK_ENABLE_CORE_A                ; USE_INPUT_CLKEN                                                  ; Untyped        ;
; CLOCK_ENABLE_CORE_B                ; USE_INPUT_CLKEN                                                  ; Untyped        ;
; ENABLE_ECC                         ; FALSE                                                            ; Untyped        ;
; ECC_PIPELINE_STAGE_ENABLED         ; FALSE                                                            ; Untyped        ;
; WIDTH_ECCSTATUS                    ; 3                                                                ; Untyped        ;
; DEVICE_FAMILY                      ; Cyclone IV E                                                     ; Untyped        ;
; CBXI_PARAMETER                     ; altsyncram_hej1                                                  ; Untyped        ;
+------------------------------------+------------------------------------------------------------------+----------------+
Note: In order to hide this table in the UI and the text report file, please set the "Show Parameter Settings in Synthesis Report" option in "Analysis and Synthesis Settings -> More Settings" to "Off".


+-----------------------------------------------------------------------------------------------------------+
; altsyncram Parameter Settings by Entity Instance                                                          ;
+-------------------------------------------+---------------------------------------------------------------+
; Name                                      ; Value                                                         ;
+-------------------------------------------+---------------------------------------------------------------+
; Number of entity instances                ; 1                                                             ;
; Entity Instance                           ; module_fifo_regs_with_flags:fifo|altsyncram:r_FIFO_DATA_rtl_0 ;
;     -- OPERATION_MODE                     ; DUAL_PORT                                                     ;
;     -- WIDTH_A                            ; 8                                                             ;
;     -- NUMWORDS_A                         ; 512                                                           ;
;     -- OUTDATA_REG_A                      ; UNREGISTERED                                                  ;
;     -- WIDTH_B                            ; 8                                                             ;
;     -- NUMWORDS_B                         ; 512                                                           ;
;     -- ADDRESS_REG_B                      ; CLOCK0                                                        ;
;     -- OUTDATA_REG_B                      ; UNREGISTERED                                                  ;
;     -- RAM_BLOCK_TYPE                     ; AUTO                                                          ;
;     -- READ_DURING_WRITE_MODE_MIXED_PORTS ; DONT_CARE                                                     ;
+-------------------------------------------+---------------------------------------------------------------+


+-------------------------------------------------------+
; Port Connectivity Checks: "cont_generic:rd_addr_cont" ;
+------+-------+----------+-----------------------------+
; Port ; Type  ; Severity ; Details                     ;
+------+-------+----------+-----------------------------+
; ld   ; Input ; Info     ; Stuck at GND                ;
; load ; Input ; Info     ; Stuck at GND                ;
+------+-------+----------+-----------------------------+


+-------------------------------------------------------+
; Port Connectivity Checks: "cont_generic:wr_addr_cont" ;
+------+-------+----------+-----------------------------+
; Port ; Type  ; Severity ; Details                     ;
+------+-------+----------+-----------------------------+
; ld   ; Input ; Info     ; Stuck at GND                ;
; load ; Input ; Info     ; Stuck at GND                ;
+------+-------+----------+-----------------------------+


+------------------------------------------------------------------------------------------------------------------+
; Port Connectivity Checks: "module_fifo_regs_with_flags:fifo"                                                     ;
+--------+--------+----------+-------------------------------------------------------------------------------------+
; Port   ; Type   ; Severity ; Details                                                                             ;
+--------+--------+----------+-------------------------------------------------------------------------------------+
; o_full ; Output ; Info     ; Connected to dangling logic. Logic that only feeds a dangling port will be removed. ;
+--------+--------+----------+-------------------------------------------------------------------------------------+


+-----------------------------------------------------+
; Post-Synthesis Netlist Statistics for Top Partition ;
+-----------------------+-----------------------------+
; Type                  ; Count                       ;
+-----------------------+-----------------------------+
; boundary_port         ; 74                          ;
; cycloneiii_ff         ; 16506                       ;
;     CLR               ; 20                          ;
;     ENA               ; 16384                       ;
;     ENA SCLR          ; 20                          ;
;     plain             ; 82                          ;
; cycloneiii_lcell_comb ; 13240                       ;
;     arith             ; 75                          ;
;         2 data inputs ; 63                          ;
;         3 data inputs ; 12                          ;
;     normal            ; 13165                       ;
;         0 data inputs ; 1                           ;
;         1 data inputs ; 5                           ;
;         2 data inputs ; 762                         ;
;         3 data inputs ; 1292                        ;
;         4 data inputs ; 11105                       ;
; cycloneiii_ram_block  ; 8                           ;
;                       ;                             ;
; Max LUT depth         ; 11.00                       ;
; Average LUT depth     ; 7.55                        ;
+-----------------------+-----------------------------+


+-------------------------------+
; Elapsed Time Per Partition    ;
+----------------+--------------+
; Partition Name ; Elapsed Time ;
+----------------+--------------+
; Top            ; 00:00:23     ;
+----------------+--------------+


+-------------------------------+
; Analysis & Synthesis Messages ;
+-------------------------------+
Info: *******************************************************************
Info: Running Quartus Prime Analysis & Synthesis
    Info: Version 21.1.1 Build 850 06/23/2022 SJ Lite Edition
    Info: Processing started: Wed Sep 21 22:28:39 2022
Info: Command: quartus_map --read_settings_files=on --write_settings_files=off Lab03 -c FlowControl
Warning (18236): Number of processors has not been specified which may cause overloading on shared machines.  Set the global assignment NUM_PARALLEL_PROCESSORS in your QSF to an appropriate value for best performance.
Info (20030): Parallel compilation is enabled and will use 6 of the 6 processors detected
Info (12021): Found 2 design units, including 1 entities, in source file single_port_ram.vhd
    Info (12022): Found design unit 1: single_port_RAM-arch File: D:/Docs/Universidade/LogicaReconfiguravel/Lab03/single_port_RAM.vhd Line: 37
    Info (12023): Found entity 1: single_port_RAM File: D:/Docs/Universidade/LogicaReconfiguravel/Lab03/single_port_RAM.vhd Line: 22
Info (12021): Found 2 design units, including 1 entities, in source file flowcontrol.vhd
    Info (12022): Found design unit 1: FlowControl-primeira_estrategia File: D:/Docs/Universidade/LogicaReconfiguravel/Lab03/FlowControl.vhd Line: 37
    Info (12023): Found entity 1: FlowControl File: D:/Docs/Universidade/LogicaReconfiguravel/Lab03/FlowControl.vhd Line: 23
Info (12021): Found 2 design units, including 1 entities, in source file fifo.vhd
    Info (12022): Found design unit 1: module_fifo_regs_with_flags-rtl File: D:/Docs/Universidade/LogicaReconfiguravel/Lab03/FIFO.vhd Line: 50
    Info (12023): Found entity 1: module_fifo_regs_with_flags File: D:/Docs/Universidade/LogicaReconfiguravel/Lab03/FIFO.vhd Line: 26
Info (12021): Found 3 design units, including 1 entities, in source file statemachine.vhd
    Info (12022): Found design unit 1: statemachine-wr File: D:/Docs/Universidade/LogicaReconfiguravel/Lab03/statemachine.vhd Line: 11
    Info (12022): Found design unit 2: statemachine-rd File: D:/Docs/Universidade/LogicaReconfiguravel/Lab03/statemachine.vhd Line: 44
    Info (12023): Found entity 1: statemachine File: D:/Docs/Universidade/LogicaReconfiguravel/Lab03/statemachine.vhd Line: 3
Info (12021): Found 2 design units, including 1 entities, in source file cont_generic.vhd
    Info (12022): Found design unit 1: cont_generic-X File: D:/Docs/Universidade/LogicaReconfiguravel/Lab03/cont_generic.vhd Line: 17
    Info (12023): Found entity 1: cont_generic File: D:/Docs/Universidade/LogicaReconfiguravel/Lab03/cont_generic.vhd Line: 5
Info (12021): Found 2 design units, including 1 entities, in source file flowcontrol_tb.vhd
    Info (12022): Found design unit 1: FlowControl_tb-x File: D:/Docs/Universidade/LogicaReconfiguravel/Lab03/FlowControl_tb.vhd Line: 27
    Info (12023): Found entity 1: FlowControl_tb File: D:/Docs/Universidade/LogicaReconfiguravel/Lab03/FlowControl_tb.vhd Line: 23
Info (12127): Elaborating entity "FlowControl" for the top level hierarchy
Warning (10036): Verilog HDL or VHDL warning at FlowControl.vhd(41): object "fifo_full" assigned a value but never read File: D:/Docs/Universidade/LogicaReconfiguravel/Lab03/FlowControl.vhd Line: 41
Info (12129): Elaborating entity "module_fifo_regs_with_flags" using architecture "A:rtl" for hierarchy "module_fifo_regs_with_flags:fifo" File: D:/Docs/Universidade/LogicaReconfiguravel/Lab03/FlowControl.vhd Line: 68
Info (12128): Elaborating entity "single_port_RAM" for hierarchy "single_port_RAM:bram1" File: D:/Docs/Universidade/LogicaReconfiguravel/Lab03/FlowControl.vhd Line: 90
Info (12129): Elaborating entity "statemachine" using architecture "A:rd" for hierarchy "statemachine:sm_read" File: D:/Docs/Universidade/LogicaReconfiguravel/Lab03/FlowControl.vhd Line: 116
Info (12129): Elaborating entity "statemachine" using architecture "A:wr" for hierarchy "statemachine:sm_write" File: D:/Docs/Universidade/LogicaReconfiguravel/Lab03/FlowControl.vhd Line: 127
Info (12128): Elaborating entity "cont_generic" for hierarchy "cont_generic:wr_addr_cont" File: D:/Docs/Universidade/LogicaReconfiguravel/Lab03/FlowControl.vhd Line: 138
Warning (276020): Inferred RAM node "module_fifo_regs_with_flags:fifo|r_FIFO_DATA_rtl_0" from synchronous design logic.  Pass-through logic has been added to match the read-during-write behavior of the original design.
Info (276014): Found 2 instances of uninferred RAM logic
    Info (276007): RAM logic "single_port_RAM:bram1|ram_single_port" is uninferred due to asynchronous read logic File: D:/Docs/Universidade/LogicaReconfiguravel/Lab03/single_port_RAM.vhd Line: 39
    Info (276007): RAM logic "single_port_RAM:bram2|ram_single_port" is uninferred due to asynchronous read logic File: D:/Docs/Universidade/LogicaReconfiguravel/Lab03/single_port_RAM.vhd Line: 39
Info (19000): Inferred 1 megafunctions from design logic
    Info (276029): Inferred altsyncram megafunction from the following design logic: "module_fifo_regs_with_flags:fifo|r_FIFO_DATA_rtl_0" 
        Info (286033): Parameter OPERATION_MODE set to DUAL_PORT
        Info (286033): Parameter WIDTH_A set to 8
        Info (286033): Parameter WIDTHAD_A set to 9
        Info (286033): Parameter NUMWORDS_A set to 512
        Info (286033): Parameter WIDTH_B set to 8
        Info (286033): Parameter WIDTHAD_B set to 9
        Info (286033): Parameter NUMWORDS_B set to 512
        Info (286033): Parameter ADDRESS_ACLR_A set to NONE
        Info (286033): Parameter OUTDATA_REG_B set to UNREGISTERED
        Info (286033): Parameter ADDRESS_ACLR_B set to NONE
        Info (286033): Parameter OUTDATA_ACLR_B set to NONE
        Info (286033): Parameter ADDRESS_REG_B set to CLOCK0
        Info (286033): Parameter INDATA_ACLR_A set to NONE
        Info (286033): Parameter WRCONTROL_ACLR_A set to NONE
        Info (286033): Parameter INIT_FILE set to db/FlowControl.ram0_module_fifo_regs_with_flags_49f77530.hdl.mif
Info (12130): Elaborated megafunction instantiation "module_fifo_regs_with_flags:fifo|altsyncram:r_FIFO_DATA_rtl_0"
Info (12133): Instantiated megafunction "module_fifo_regs_with_flags:fifo|altsyncram:r_FIFO_DATA_rtl_0" with the following parameter:
    Info (12134): Parameter "OPERATION_MODE" = "DUAL_PORT"
    Info (12134): Parameter "WIDTH_A" = "8"
    Info (12134): Parameter "WIDTHAD_A" = "9"
    Info (12134): Parameter "NUMWORDS_A" = "512"
    Info (12134): Parameter "WIDTH_B" = "8"
    Info (12134): Parameter "WIDTHAD_B" = "9"
    Info (12134): Parameter "NUMWORDS_B" = "512"
    Info (12134): Parameter "ADDRESS_ACLR_A" = "NONE"
    Info (12134): Parameter "OUTDATA_REG_B" = "UNREGISTERED"
    Info (12134): Parameter "ADDRESS_ACLR_B" = "NONE"
    Info (12134): Parameter "OUTDATA_ACLR_B" = "NONE"
    Info (12134): Parameter "ADDRESS_REG_B" = "CLOCK0"
    Info (12134): Parameter "INDATA_ACLR_A" = "NONE"
    Info (12134): Parameter "WRCONTROL_ACLR_A" = "NONE"
    Info (12134): Parameter "INIT_FILE" = "db/FlowControl.ram0_module_fifo_regs_with_flags_49f77530.hdl.mif"
Info (12021): Found 1 design units, including 1 entities, in source file db/altsyncram_hej1.tdf
    Info (12023): Found entity 1: altsyncram_hej1 File: D:/Docs/Universidade/LogicaReconfiguravel/Lab03/db/altsyncram_hej1.tdf Line: 28
Warning (13024): Output pins are stuck at VCC or GND
    Warning (13410): Pin "test_smRead[2]" is stuck at GND File: D:/Docs/Universidade/LogicaReconfiguravel/Lab03/FlowControl.vhd Line: 30
    Warning (13410): Pin "test_smWrite[2]" is stuck at GND File: D:/Docs/Universidade/LogicaReconfiguravel/Lab03/FlowControl.vhd Line: 30
Info (286030): Timing-Driven Synthesis is running
Info (16010): Generating hard_block partition "hard_block:auto_generated_inst"
    Info (16011): Adding 0 node(s), including 0 DDIO, 0 PLL, 0 transceiver and 0 LCELL
Info (21057): Implemented 29749 device resources after synthesis - the final resource count might be different
    Info (21058): Implemented 22 input pins
    Info (21059): Implemented 52 output pins
    Info (21061): Implemented 29667 logic cells
    Info (21064): Implemented 8 RAM segments
Info: Quartus Prime Analysis & Synthesis was successful. 0 errors, 6 warnings
    Info: Peak virtual memory: 4949 megabytes
    Info: Processing ended: Wed Sep 21 22:29:11 2022
    Info: Elapsed time: 00:00:32
    Info: Total CPU time (on all processors): 00:00:41


