Analysis & Synthesis report for USERHW_NIOS
Wed Oct 26 21:26:23 2022
Quartus Prime Version 21.1.1 Build 850 06/23/2022 SJ Lite Edition


---------------------
; Table of Contents ;
---------------------
  1. Legal Notice
  2. Analysis & Synthesis Summary
  3. Analysis & Synthesis Settings
  4. Parallel Compilation
  5. Analysis & Synthesis Source Files Read
  6. Analysis & Synthesis Resource Usage Summary
  7. Analysis & Synthesis Resource Utilization by Entity
  8. Analysis & Synthesis RAM Summary
  9. Analysis & Synthesis IP Cores Summary
 10. General Register Statistics
 11. Source assignments for RAM:RAM_inst|altsyncram:altsyncram_component|altsyncram_81q3:auto_generated
 12. Parameter Settings for User Entity Instance: RAM:RAM_inst|altsyncram:altsyncram_component
 13. altsyncram Parameter Settings by Entity Instance
 14. Port Connectivity Checks: "reg_32bit:REG32_2"
 15. Port Connectivity Checks: "reg_32bit:REG32_1"
 16. Port Connectivity Checks: "reg_32bit:REG32_0"
 17. Post-Synthesis Netlist Statistics for Top Partition
 18. Elapsed Time Per Partition
 19. Analysis & Synthesis Messages



----------------
; Legal Notice ;
----------------
Copyright (C) 2022  Intel Corporation. All rights reserved.
Your use of Intel Corporation's design tools, logic functions 
and other software and tools, and any partner logic 
functions, and any output files from any of the foregoing 
(including device programming or simulation files), and any 
associated documentation or information are expressly subject 
to the terms and conditions of the Intel Program License 
Subscription Agreement, the Intel Quartus Prime License Agreement,
the Intel FPGA IP License Agreement, or other applicable license
agreement, including, without limitation, that your use is for
the sole purpose of programming logic devices manufactured by
Intel and sold by Intel or its authorized distributors.  Please
refer to the applicable agreement for further details, at
https://fpgasoftware.intel.com/eula.



+----------------------------------------------------------------------------------+
; Analysis & Synthesis Summary                                                     ;
+------------------------------------+---------------------------------------------+
; Analysis & Synthesis Status        ; Successful - Wed Oct 26 21:26:23 2022       ;
; Quartus Prime Version              ; 21.1.1 Build 850 06/23/2022 SJ Lite Edition ;
; Revision Name                      ; USERHW_NIOS                                 ;
; Top-level Entity Name              ; USERHW_NIOS                                 ;
; Family                             ; Cyclone 10 LP                               ;
; Total logic elements               ; 95                                          ;
;     Total combinational functions  ; 63                                          ;
;     Dedicated logic registers      ; 34                                          ;
; Total registers                    ; 34                                          ;
; Total pins                         ; 71                                          ;
; Total virtual pins                 ; 0                                           ;
; Total memory bits                  ; 524,288                                     ;
; Embedded Multiplier 9-bit elements ; 0                                           ;
; Total PLLs                         ; 0                                           ;
+------------------------------------+---------------------------------------------+


+------------------------------------------------------------------------------------------------------------+
; Analysis & Synthesis Settings                                                                              ;
+------------------------------------------------------------------+--------------------+--------------------+
; Option                                                           ; Setting            ; Default Value      ;
+------------------------------------------------------------------+--------------------+--------------------+
; Device                                                           ; 10CL025YU256I7G    ;                    ;
; Top-level entity name                                            ; USERHW_NIOS        ; USERHW_NIOS        ;
; Family name                                                      ; Cyclone 10 LP      ; Cyclone V          ;
; Use smart compilation                                            ; Off                ; Off                ;
; Enable parallel Assembler and Timing Analyzer during compilation ; On                 ; On                 ;
; Enable compact report table                                      ; Off                ; Off                ;
; Restructure Multiplexers                                         ; Auto               ; Auto               ;
; Create Debugging Nodes for IP Cores                              ; Off                ; Off                ;
; Preserve fewer node names                                        ; On                 ; On                 ;
; Intel FPGA IP Evaluation Mode                                    ; Enable             ; Enable             ;
; Verilog Version                                                  ; Verilog_2001       ; Verilog_2001       ;
; VHDL Version                                                     ; VHDL_1993          ; VHDL_1993          ;
; State Machine Processing                                         ; Auto               ; Auto               ;
; Safe State Machine                                               ; Off                ; Off                ;
; Extract Verilog State Machines                                   ; On                 ; On                 ;
; Extract VHDL State Machines                                      ; On                 ; On                 ;
; Ignore Verilog initial constructs                                ; Off                ; Off                ;
; Iteration limit for constant Verilog loops                       ; 5000               ; 5000               ;
; Iteration limit for non-constant Verilog loops                   ; 250                ; 250                ;
; Add Pass-Through Logic to Inferred RAMs                          ; On                 ; On                 ;
; Infer RAMs from Raw Logic                                        ; On                 ; On                 ;
; Parallel Synthesis                                               ; On                 ; On                 ;
; DSP Block Balancing                                              ; Auto               ; Auto               ;
; NOT Gate Push-Back                                               ; On                 ; On                 ;
; Power-Up Don't Care                                              ; On                 ; On                 ;
; Remove Redundant Logic Cells                                     ; Off                ; Off                ;
; Remove Duplicate Registers                                       ; On                 ; On                 ;
; Ignore CARRY Buffers                                             ; Off                ; Off                ;
; Ignore CASCADE Buffers                                           ; Off                ; Off                ;
; Ignore GLOBAL Buffers                                            ; Off                ; Off                ;
; Ignore ROW GLOBAL Buffers                                        ; Off                ; Off                ;
; Ignore LCELL Buffers                                             ; Off                ; Off                ;
; Ignore SOFT Buffers                                              ; On                 ; On                 ;
; Limit AHDL Integers to 32 Bits                                   ; Off                ; Off                ;
; Optimization Technique                                           ; Balanced           ; Balanced           ;
; Carry Chain Length                                               ; 70                 ; 70                 ;
; Auto Carry Chains                                                ; On                 ; On                 ;
; Auto Open-Drain Pins                                             ; On                 ; On                 ;
; Perform WYSIWYG Primitive Resynthesis                            ; Off                ; Off                ;
; Auto ROM Replacement                                             ; On                 ; On                 ;
; Auto RAM Replacement                                             ; On                 ; On                 ;
; Auto DSP Block Replacement                                       ; On                 ; On                 ;
; Auto Shift Register Replacement                                  ; Auto               ; Auto               ;
; Allow Shift Register Merging across Hierarchies                  ; Auto               ; Auto               ;
; Auto Clock Enable Replacement                                    ; On                 ; On                 ;
; Strict RAM Replacement                                           ; Off                ; Off                ;
; Allow Synchronous Control Signals                                ; On                 ; On                 ;
; Force Use of Synchronous Clear Signals                           ; Off                ; Off                ;
; Auto RAM Block Balancing                                         ; On                 ; On                 ;
; Auto RAM to Logic Cell Conversion                                ; Off                ; Off                ;
; Auto Resource Sharing                                            ; Off                ; Off                ;
; Allow Any RAM Size For Recognition                               ; Off                ; Off                ;
; Allow Any ROM Size For Recognition                               ; Off                ; Off                ;
; Allow Any Shift Register Size For Recognition                    ; Off                ; Off                ;
; Use LogicLock Constraints during Resource Balancing              ; On                 ; On                 ;
; Ignore translate_off and synthesis_off directives                ; Off                ; Off                ;
; Timing-Driven Synthesis                                          ; On                 ; On                 ;
; Report Parameter Settings                                        ; On                 ; On                 ;
; Report Source Assignments                                        ; On                 ; On                 ;
; Report Connectivity Checks                                       ; On                 ; On                 ;
; Ignore Maximum Fan-Out Assignments                               ; Off                ; Off                ;
; Synchronization Register Chain Length                            ; 2                  ; 2                  ;
; Power Optimization During Synthesis                              ; Normal compilation ; Normal compilation ;
; HDL message level                                                ; Level2             ; Level2             ;
; Suppress Register Optimization Related Messages                  ; Off                ; Off                ;
; Number of Removed Registers Reported in Synthesis Report         ; 5000               ; 5000               ;
; Number of Swept Nodes Reported in Synthesis Report               ; 5000               ; 5000               ;
; Number of Inverted Registers Reported in Synthesis Report        ; 100                ; 100                ;
; Clock MUX Protection                                             ; On                 ; On                 ;
; Auto Gated Clock Conversion                                      ; Off                ; Off                ;
; Block Design Naming                                              ; Auto               ; Auto               ;
; SDC constraint protection                                        ; Off                ; Off                ;
; Synthesis Effort                                                 ; Auto               ; Auto               ;
; Shift Register Replacement - Allow Asynchronous Clear Signal     ; On                 ; On                 ;
; Pre-Mapping Resynthesis Optimization                             ; Off                ; Off                ;
; Analysis & Synthesis Message Level                               ; Medium             ; Medium             ;
; Disable Register Merging Across Hierarchies                      ; Auto               ; Auto               ;
; Resource Aware Inference For Block RAM                           ; On                 ; On                 ;
+------------------------------------------------------------------+--------------------+--------------------+


+------------------------------------------+
; Parallel Compilation                     ;
+----------------------------+-------------+
; Processors                 ; Number      ;
+----------------------------+-------------+
; Number detected on machine ; 12          ;
; Maximum allowed            ; 6           ;
;                            ;             ;
; Average used               ; 1.01        ;
; Maximum used               ; 6           ;
;                            ;             ;
; Usage by Processor         ; % Time Used ;
;     Processor 1            ; 100.0%      ;
;     Processors 2-6         ;   0.1%      ;
+----------------------------+-------------+


+--------------------------------------------------------------------------------------------------------------------------------------------------------------------------------------------------------------------+
; Analysis & Synthesis Source Files Read                                                                                                                                                                             ;
+----------------------------------+-----------------+------------------------------+----------------------------------------------------------------------------------------------------------------------+---------+
; File Name with User-Entered Path ; Used in Netlist ; File Type                    ; File Name with Absolute Path                                                                                         ; Library ;
+----------------------------------+-----------------+------------------------------+----------------------------------------------------------------------------------------------------------------------+---------+
; USERHW_NIOS.vhd                  ; yes             ; User VHDL File               ; D:/Docs/Universidade/LogicaReconfiguravel/LogicaReconfiguravel/Lab04/Proj_Quartus/USERHW_NIOS/USERHW_NIOS.vhd        ;         ;
; reg_32bit.vhd                    ; yes             ; User VHDL File               ; D:/Docs/Universidade/LogicaReconfiguravel/LogicaReconfiguravel/Lab04/Proj_Quartus/USERHW_NIOS/reg_32bit.vhd          ;         ;
; RAM.vhd                          ; yes             ; User Wizard-Generated File   ; D:/Docs/Universidade/LogicaReconfiguravel/LogicaReconfiguravel/Lab04/Proj_Quartus/USERHW_NIOS/RAM.vhd                ;         ;
; altsyncram.tdf                   ; yes             ; Megafunction                 ; d:/programfiles/intelfpga_lite/21.1/quartus/libraries/megafunctions/altsyncram.tdf                                   ;         ;
; stratix_ram_block.inc            ; yes             ; Megafunction                 ; d:/programfiles/intelfpga_lite/21.1/quartus/libraries/megafunctions/stratix_ram_block.inc                            ;         ;
; lpm_mux.inc                      ; yes             ; Megafunction                 ; d:/programfiles/intelfpga_lite/21.1/quartus/libraries/megafunctions/lpm_mux.inc                                      ;         ;
; lpm_decode.inc                   ; yes             ; Megafunction                 ; d:/programfiles/intelfpga_lite/21.1/quartus/libraries/megafunctions/lpm_decode.inc                                   ;         ;
; aglobal211.inc                   ; yes             ; Megafunction                 ; d:/programfiles/intelfpga_lite/21.1/quartus/libraries/megafunctions/aglobal211.inc                                   ;         ;
; a_rdenreg.inc                    ; yes             ; Megafunction                 ; d:/programfiles/intelfpga_lite/21.1/quartus/libraries/megafunctions/a_rdenreg.inc                                    ;         ;
; altrom.inc                       ; yes             ; Megafunction                 ; d:/programfiles/intelfpga_lite/21.1/quartus/libraries/megafunctions/altrom.inc                                       ;         ;
; altram.inc                       ; yes             ; Megafunction                 ; d:/programfiles/intelfpga_lite/21.1/quartus/libraries/megafunctions/altram.inc                                       ;         ;
; altdpram.inc                     ; yes             ; Megafunction                 ; d:/programfiles/intelfpga_lite/21.1/quartus/libraries/megafunctions/altdpram.inc                                     ;         ;
; db/altsyncram_81q3.tdf           ; yes             ; Auto-Generated Megafunction  ; D:/Docs/Universidade/LogicaReconfiguravel/LogicaReconfiguravel/Lab04/Proj_Quartus/USERHW_NIOS/db/altsyncram_81q3.tdf ;         ;
; db/decode_ksa.tdf                ; yes             ; Auto-Generated Megafunction  ; D:/Docs/Universidade/LogicaReconfiguravel/LogicaReconfiguravel/Lab04/Proj_Quartus/USERHW_NIOS/db/decode_ksa.tdf      ;         ;
; db/mux_4nb.tdf                   ; yes             ; Auto-Generated Megafunction  ; D:/Docs/Universidade/LogicaReconfiguravel/LogicaReconfiguravel/Lab04/Proj_Quartus/USERHW_NIOS/db/mux_4nb.tdf         ;         ;
+----------------------------------+-----------------+------------------------------+----------------------------------------------------------------------------------------------------------------------+---------+


+---------------------------------------------------------+
; Analysis & Synthesis Resource Usage Summary             ;
+---------------------------------------------+-----------+
; Resource                                    ; Usage     ;
+---------------------------------------------+-----------+
; Estimated Total logic elements              ; 95        ;
;                                             ;           ;
; Total combinational functions               ; 63        ;
; Logic element usage by number of LUT inputs ;           ;
;     -- 4 input functions                    ; 52        ;
;     -- 3 input functions                    ; 8         ;
;     -- <=2 input functions                  ; 3         ;
;                                             ;           ;
; Logic elements by mode                      ;           ;
;     -- normal mode                          ; 63        ;
;     -- arithmetic mode                      ; 0         ;
;                                             ;           ;
; Total registers                             ; 34        ;
;     -- Dedicated logic registers            ; 34        ;
;     -- I/O registers                        ; 0         ;
;                                             ;           ;
; I/O pins                                    ; 71        ;
; Total memory bits                           ; 524288    ;
;                                             ;           ;
; Embedded Multiplier 9-bit elements          ; 0         ;
;                                             ;           ;
; Maximum fan-out node                        ; CLK~input ;
; Maximum fan-out                             ; 98        ;
; Total fan-out                               ; 1622      ;
; Average fan-out                             ; 5.35      ;
+---------------------------------------------+-----------+


+-------------------------------------------------------------------------------------------------------------------------------------------------------------------------------------------------------------------------------------------------------------------------------------------------------------------------+
; Analysis & Synthesis Resource Utilization by Entity                                                                                                                                                                                                                                                                     ;
+-------------------------------------------+---------------------+---------------------------+-------------+--------------+---------+-----------+------+--------------+-----------------------------------------------------------------------------------------------------------------+-----------------+--------------+
; Compilation Hierarchy Node                ; Combinational ALUTs ; Dedicated Logic Registers ; Memory Bits ; DSP Elements ; DSP 9x9 ; DSP 18x18 ; Pins ; Virtual Pins ; Full Hierarchy Name                                                                                             ; Entity Name     ; Library Name ;
+-------------------------------------------+---------------------+---------------------------+-------------+--------------+---------+-----------+------+--------------+-----------------------------------------------------------------------------------------------------------------+-----------------+--------------+
; |USERHW_NIOS                              ; 63 (3)              ; 34 (0)                    ; 524288      ; 0            ; 0       ; 0         ; 71   ; 0            ; |USERHW_NIOS                                                                                                    ; USERHW_NIOS     ; work         ;
;    |RAM:RAM_inst|                         ; 57 (0)              ; 8 (0)                     ; 524288      ; 0            ; 0       ; 0         ; 0    ; 0            ; |USERHW_NIOS|RAM:RAM_inst                                                                                       ; RAM             ; work         ;
;       |altsyncram:altsyncram_component|   ; 57 (0)              ; 8 (0)                     ; 524288      ; 0            ; 0       ; 0         ; 0    ; 0            ; |USERHW_NIOS|RAM:RAM_inst|altsyncram:altsyncram_component                                                       ; altsyncram      ; work         ;
;          |altsyncram_81q3:auto_generated| ; 57 (1)              ; 8 (8)                     ; 524288      ; 0            ; 0       ; 0         ; 0    ; 0            ; |USERHW_NIOS|RAM:RAM_inst|altsyncram:altsyncram_component|altsyncram_81q3:auto_generated                        ; altsyncram_81q3 ; work         ;
;             |decode_ksa:decode3|          ; 8 (8)               ; 0 (0)                     ; 0           ; 0            ; 0       ; 0         ; 0    ; 0            ; |USERHW_NIOS|RAM:RAM_inst|altsyncram:altsyncram_component|altsyncram_81q3:auto_generated|decode_ksa:decode3     ; decode_ksa      ; work         ;
;             |decode_ksa:rden_decode|      ; 8 (8)               ; 0 (0)                     ; 0           ; 0            ; 0       ; 0         ; 0    ; 0            ; |USERHW_NIOS|RAM:RAM_inst|altsyncram:altsyncram_component|altsyncram_81q3:auto_generated|decode_ksa:rden_decode ; decode_ksa      ; work         ;
;             |mux_4nb:mux2|                ; 40 (40)             ; 0 (0)                     ; 0           ; 0            ; 0       ; 0         ; 0    ; 0            ; |USERHW_NIOS|RAM:RAM_inst|altsyncram:altsyncram_component|altsyncram_81q3:auto_generated|mux_4nb:mux2           ; mux_4nb         ; work         ;
;    |reg_32bit:REG32_0|                    ; 0 (0)               ; 16 (16)                   ; 0           ; 0            ; 0       ; 0         ; 0    ; 0            ; |USERHW_NIOS|reg_32bit:REG32_0                                                                                  ; reg_32bit       ; work         ;
;    |reg_32bit:REG32_1|                    ; 0 (0)               ; 8 (8)                     ; 0           ; 0            ; 0       ; 0         ; 0    ; 0            ; |USERHW_NIOS|reg_32bit:REG32_1                                                                                  ; reg_32bit       ; work         ;
;    |reg_32bit:REG32_2|                    ; 3 (3)               ; 2 (2)                     ; 0           ; 0            ; 0       ; 0         ; 0    ; 0            ; |USERHW_NIOS|reg_32bit:REG32_2                                                                                  ; reg_32bit       ; work         ;
+-------------------------------------------+---------------------+---------------------------+-------------+--------------+---------+-----------+------+--------------+-----------------------------------------------------------------------------------------------------------------+-----------------+--------------+
Note: For table entries with two numbers listed, the numbers in parentheses indicate the number of resources of the given type used by the specific entity alone. The numbers listed outside of parentheses indicate the total resources of the given type used by the specific entity and all of its sub-entities in the hierarchy.


+-----------------------------------------------------------------------------------------------------------------------------------------------------------------------------------------+
; Analysis & Synthesis RAM Summary                                                                                                                                                        ;
+----------------------------------------------------------------------------------------+------+-------------+--------------+--------------+--------------+--------------+--------+------+
; Name                                                                                   ; Type ; Mode        ; Port A Depth ; Port A Width ; Port B Depth ; Port B Width ; Size   ; MIF  ;
+----------------------------------------------------------------------------------------+------+-------------+--------------+--------------+--------------+--------------+--------+------+
; RAM:RAM_inst|altsyncram:altsyncram_component|altsyncram_81q3:auto_generated|ALTSYNCRAM ; AUTO ; Single Port ; 65536        ; 8            ; --           ; --           ; 524288 ; None ;
+----------------------------------------------------------------------------------------+------+-------------+--------------+--------------+--------------+--------------+--------+------+


+-------------------------------------------------------------------------------------------------------------+
; Analysis & Synthesis IP Cores Summary                                                                       ;
+--------+--------------+---------+--------------+--------------+---------------------------+-----------------+
; Vendor ; IP Core Name ; Version ; Release Date ; License Type ; Entity Instance           ; IP Include File ;
+--------+--------------+---------+--------------+--------------+---------------------------+-----------------+
; Altera ; RAM: 1-PORT  ; 21.1    ; N/A          ; N/A          ; |USERHW_NIOS|RAM:RAM_inst ; RAM.vhd         ;
+--------+--------------+---------+--------------+--------------+---------------------------+-----------------+


+------------------------------------------------------+
; General Register Statistics                          ;
+----------------------------------------------+-------+
; Statistic                                    ; Value ;
+----------------------------------------------+-------+
; Total registers                              ; 34    ;
; Number of registers using Synchronous Clear  ; 0     ;
; Number of registers using Synchronous Load   ; 0     ;
; Number of registers using Asynchronous Clear ; 26    ;
; Number of registers using Asynchronous Load  ; 0     ;
; Number of registers using Clock Enable       ; 27    ;
; Number of registers using Preset             ; 0     ;
+----------------------------------------------+-------+


+----------------------------------------------------------------------------------------------------+
; Source assignments for RAM:RAM_inst|altsyncram:altsyncram_component|altsyncram_81q3:auto_generated ;
+---------------------------------+--------------------+------+--------------------------------------+
; Assignment                      ; Value              ; From ; To                                   ;
+---------------------------------+--------------------+------+--------------------------------------+
; OPTIMIZE_POWER_DURING_SYNTHESIS ; NORMAL_COMPILATION ; -    ; -                                    ;
+---------------------------------+--------------------+------+--------------------------------------+


+-------------------------------------------------------------------------------------------+
; Parameter Settings for User Entity Instance: RAM:RAM_inst|altsyncram:altsyncram_component ;
+------------------------------------+----------------------+-------------------------------+
; Parameter Name                     ; Value                ; Type                          ;
+------------------------------------+----------------------+-------------------------------+
; BYTE_SIZE_BLOCK                    ; 8                    ; Untyped                       ;
; AUTO_CARRY_CHAINS                  ; ON                   ; AUTO_CARRY                    ;
; IGNORE_CARRY_BUFFERS               ; OFF                  ; IGNORE_CARRY                  ;
; AUTO_CASCADE_CHAINS                ; ON                   ; AUTO_CASCADE                  ;
; IGNORE_CASCADE_BUFFERS             ; OFF                  ; IGNORE_CASCADE                ;
; WIDTH_BYTEENA                      ; 1                    ; Untyped                       ;
; OPERATION_MODE                     ; SINGLE_PORT          ; Untyped                       ;
; WIDTH_A                            ; 8                    ; Signed Integer                ;
; WIDTHAD_A                          ; 16                   ; Signed Integer                ;
; NUMWORDS_A                         ; 65536                ; Signed Integer                ;
; OUTDATA_REG_A                      ; CLOCK0               ; Untyped                       ;
; ADDRESS_ACLR_A                     ; NONE                 ; Untyped                       ;
; OUTDATA_ACLR_A                     ; NONE                 ; Untyped                       ;
; WRCONTROL_ACLR_A                   ; NONE                 ; Untyped                       ;
; INDATA_ACLR_A                      ; NONE                 ; Untyped                       ;
; BYTEENA_ACLR_A                     ; NONE                 ; Untyped                       ;
; WIDTH_B                            ; 1                    ; Signed Integer                ;
; WIDTHAD_B                          ; 1                    ; Signed Integer                ;
; NUMWORDS_B                         ; 0                    ; Signed Integer                ;
; INDATA_REG_B                       ; CLOCK1               ; Untyped                       ;
; WRCONTROL_WRADDRESS_REG_B          ; CLOCK1               ; Untyped                       ;
; RDCONTROL_REG_B                    ; CLOCK1               ; Untyped                       ;
; ADDRESS_REG_B                      ; CLOCK1               ; Untyped                       ;
; OUTDATA_REG_B                      ; UNREGISTERED         ; Untyped                       ;
; BYTEENA_REG_B                      ; CLOCK1               ; Untyped                       ;
; INDATA_ACLR_B                      ; NONE                 ; Untyped                       ;
; WRCONTROL_ACLR_B                   ; NONE                 ; Untyped                       ;
; ADDRESS_ACLR_B                     ; NONE                 ; Untyped                       ;
; OUTDATA_ACLR_B                     ; NONE                 ; Untyped                       ;
; RDCONTROL_ACLR_B                   ; NONE                 ; Untyped                       ;
; BYTEENA_ACLR_B                     ; NONE                 ; Untyped                       ;
; WIDTH_BYTEENA_A                    ; 1                    ; Signed Integer                ;
; WIDTH_BYTEENA_B                    ; 1                    ; Signed Integer                ;
; RAM_BLOCK_TYPE                     ; AUTO                 ; Untyped                       ;
; BYTE_SIZE                          ; 8                    ; Signed Integer                ;
; READ_DURING_WRITE_MODE_MIXED_PORTS ; DONT_CARE            ; Untyped                       ;
; READ_DURING_WRITE_MODE_PORT_A      ; NEW_DATA_NO_NBE_READ ; Untyped                       ;
; READ_DURING_WRITE_MODE_PORT_B      ; NEW_DATA_NO_NBE_READ ; Untyped                       ;
; INIT_FILE                          ; UNUSED               ; Untyped                       ;
; INIT_FILE_LAYOUT                   ; PORT_A               ; Untyped                       ;
; MAXIMUM_DEPTH                      ; 0                    ; Signed Integer                ;
; CLOCK_ENABLE_INPUT_A               ; BYPASS               ; Untyped                       ;
; CLOCK_ENABLE_INPUT_B               ; NORMAL               ; Untyped                       ;
; CLOCK_ENABLE_OUTPUT_A              ; BYPASS               ; Untyped                       ;
; CLOCK_ENABLE_OUTPUT_B              ; NORMAL               ; Untyped                       ;
; CLOCK_ENABLE_CORE_A                ; USE_INPUT_CLKEN      ; Untyped                       ;
; CLOCK_ENABLE_CORE_B                ; USE_INPUT_CLKEN      ; Untyped                       ;
; ENABLE_ECC                         ; FALSE                ; Untyped                       ;
; ECC_PIPELINE_STAGE_ENABLED         ; FALSE                ; Untyped                       ;
; WIDTH_ECCSTATUS                    ; 3                    ; Signed Integer                ;
; DEVICE_FAMILY                      ; Cyclone 10 LP        ; Untyped                       ;
; CBXI_PARAMETER                     ; altsyncram_81q3      ; Untyped                       ;
+------------------------------------+----------------------+-------------------------------+
Note: In order to hide this table in the UI and the text report file, please set the "Show Parameter Settings in Synthesis Report" option in "Analysis and Synthesis Settings -> More Settings" to "Off".


+------------------------------------------------------------------------------------------+
; altsyncram Parameter Settings by Entity Instance                                         ;
+-------------------------------------------+----------------------------------------------+
; Name                                      ; Value                                        ;
+-------------------------------------------+----------------------------------------------+
; Number of entity instances                ; 1                                            ;
; Entity Instance                           ; RAM:RAM_inst|altsyncram:altsyncram_component ;
;     -- OPERATION_MODE                     ; SINGLE_PORT                                  ;
;     -- WIDTH_A                            ; 8                                            ;
;     -- NUMWORDS_A                         ; 65536                                        ;
;     -- OUTDATA_REG_A                      ; CLOCK0                                       ;
;     -- WIDTH_B                            ; 1                                            ;
;     -- NUMWORDS_B                         ; 0                                            ;
;     -- ADDRESS_REG_B                      ; CLOCK1                                       ;
;     -- OUTDATA_REG_B                      ; UNREGISTERED                                 ;
;     -- RAM_BLOCK_TYPE                     ; AUTO                                         ;
;     -- READ_DURING_WRITE_MODE_MIXED_PORTS ; DONT_CARE                                    ;
+-------------------------------------------+----------------------------------------------+


+---------------------------------------------------------------------------------------------------------------------------+
; Port Connectivity Checks: "reg_32bit:REG32_2"                                                                             ;
+-----------------+--------+----------+-------------------------------------------------------------------------------------+
; Port            ; Type   ; Severity ; Details                                                                             ;
+-----------------+--------+----------+-------------------------------------------------------------------------------------+
; readdata[31..2] ; Output ; Info     ; Connected to dangling logic. Logic that only feeds a dangling port will be removed. ;
+-----------------+--------+----------+-------------------------------------------------------------------------------------+


+---------------------------------------------------------------------------------------------------------------------------+
; Port Connectivity Checks: "reg_32bit:REG32_1"                                                                             ;
+-----------------+--------+----------+-------------------------------------------------------------------------------------+
; Port            ; Type   ; Severity ; Details                                                                             ;
+-----------------+--------+----------+-------------------------------------------------------------------------------------+
; readdata[31..8] ; Output ; Info     ; Connected to dangling logic. Logic that only feeds a dangling port will be removed. ;
+-----------------+--------+----------+-------------------------------------------------------------------------------------+


+----------------------------------------------------------------------------------------------------------------------------+
; Port Connectivity Checks: "reg_32bit:REG32_0"                                                                              ;
+------------------+--------+----------+-------------------------------------------------------------------------------------+
; Port             ; Type   ; Severity ; Details                                                                             ;
+------------------+--------+----------+-------------------------------------------------------------------------------------+
; readdata[31..16] ; Output ; Info     ; Connected to dangling logic. Logic that only feeds a dangling port will be removed. ;
+------------------+--------+----------+-------------------------------------------------------------------------------------+


+-----------------------------------------------------+
; Post-Synthesis Netlist Statistics for Top Partition ;
+-----------------------+-----------------------------+
; Type                  ; Count                       ;
+-----------------------+-----------------------------+
; boundary_port         ; 71                          ;
; cycloneiii_ff         ; 34                          ;
;     CLR               ; 2                           ;
;     ENA               ; 3                           ;
;     ENA CLR           ; 24                          ;
;     plain             ; 5                           ;
; cycloneiii_io_obuf    ; 32                          ;
; cycloneiii_lcell_comb ; 63                          ;
;     normal            ; 63                          ;
;         2 data inputs ; 3                           ;
;         3 data inputs ; 8                           ;
;         4 data inputs ; 52                          ;
; cycloneiii_ram_block  ; 64                          ;
;                       ;                             ;
; Max LUT depth         ; 3.00                        ;
; Average LUT depth     ; 1.59                        ;
+-----------------------+-----------------------------+


+-------------------------------+
; Elapsed Time Per Partition    ;
+----------------+--------------+
; Partition Name ; Elapsed Time ;
+----------------+--------------+
; Top            ; 00:00:00     ;
+----------------+--------------+


+-------------------------------+
; Analysis & Synthesis Messages ;
+-------------------------------+
Info: *******************************************************************
Info: Running Quartus Prime Analysis & Synthesis
    Info: Version 21.1.1 Build 850 06/23/2022 SJ Lite Edition
    Info: Processing started: Wed Oct 26 21:26:16 2022
Info: Command: quartus_map --read_settings_files=on --write_settings_files=off USERHW_NIOS -c USERHW_NIOS
Warning (18236): Number of processors has not been specified which may cause overloading on shared machines.  Set the global assignment NUM_PARALLEL_PROCESSORS in your QSF to an appropriate value for best performance.
Info (20030): Parallel compilation is enabled and will use 6 of the 6 processors detected
Info (12021): Found 2 design units, including 1 entities, in source file userhw_nios.vhd
    Info (12022): Found design unit 1: USERHW_NIOS-X File: D:/Docs/Universidade/LogicaReconfiguravel/LogicaReconfiguravel/Lab04/Proj_Quartus/USERHW_NIOS/USERHW_NIOS.vhd Line: 18
    Info (12023): Found entity 1: USERHW_NIOS File: D:/Docs/Universidade/LogicaReconfiguravel/LogicaReconfiguravel/Lab04/Proj_Quartus/USERHW_NIOS/USERHW_NIOS.vhd Line: 5
Info (12021): Found 3 design units, including 1 entities, in source file reg_32bit.vhd
    Info (12022): Found design unit 1: reg_32bit-x File: D:/Docs/Universidade/LogicaReconfiguravel/LogicaReconfiguravel/Lab04/Proj_Quartus/USERHW_NIOS/reg_32bit.vhd Line: 15
    Info (12022): Found design unit 2: reg_32bit-selfclear File: D:/Docs/Universidade/LogicaReconfiguravel/LogicaReconfiguravel/Lab04/Proj_Quartus/USERHW_NIOS/reg_32bit.vhd Line: 30
    Info (12023): Found entity 1: reg_32bit File: D:/Docs/Universidade/LogicaReconfiguravel/LogicaReconfiguravel/Lab04/Proj_Quartus/USERHW_NIOS/reg_32bit.vhd Line: 5
Info (12021): Found 2 design units, including 1 entities, in source file bram_tb.vhd
    Info (12022): Found design unit 1: top_avalon_tb-X File: D:/Docs/Universidade/LogicaReconfiguravel/LogicaReconfiguravel/Lab04/Proj_Quartus/USERHW_NIOS/BRAM_tb.vhd Line: 8
    Info (12023): Found entity 1: top_avalon_tb File: D:/Docs/Universidade/LogicaReconfiguravel/LogicaReconfiguravel/Lab04/Proj_Quartus/USERHW_NIOS/BRAM_tb.vhd Line: 5
Info (12021): Found 2 design units, including 1 entities, in source file ram.vhd
    Info (12022): Found design unit 1: ram-SYN File: D:/Docs/Universidade/LogicaReconfiguravel/LogicaReconfiguravel/Lab04/Proj_Quartus/USERHW_NIOS/RAM.vhd Line: 56
    Info (12023): Found entity 1: RAM File: D:/Docs/Universidade/LogicaReconfiguravel/LogicaReconfiguravel/Lab04/Proj_Quartus/USERHW_NIOS/RAM.vhd Line: 43
Info (12127): Elaborating entity "USERHW_NIOS" for the top level hierarchy
Warning (10036): Verilog HDL or VHDL warning at USERHW_NIOS.vhd(19): object "VDD" assigned a value but never read File: D:/Docs/Universidade/LogicaReconfiguravel/LogicaReconfiguravel/Lab04/Proj_Quartus/USERHW_NIOS/USERHW_NIOS.vhd Line: 19
Warning (10036): Verilog HDL or VHDL warning at USERHW_NIOS.vhd(19): object "GND" assigned a value but never read File: D:/Docs/Universidade/LogicaReconfiguravel/LogicaReconfiguravel/Lab04/Proj_Quartus/USERHW_NIOS/USERHW_NIOS.vhd Line: 19
Info (12129): Elaborating entity "reg_32bit" using architecture "A:x" for hierarchy "reg_32bit:REG32_0" File: D:/Docs/Universidade/LogicaReconfiguravel/LogicaReconfiguravel/Lab04/Proj_Quartus/USERHW_NIOS/USERHW_NIOS.vhd Line: 47
Info (12129): Elaborating entity "reg_32bit" using architecture "A:selfclear" for hierarchy "reg_32bit:REG32_2" File: D:/Docs/Universidade/LogicaReconfiguravel/LogicaReconfiguravel/Lab04/Proj_Quartus/USERHW_NIOS/USERHW_NIOS.vhd Line: 65
Info (12128): Elaborating entity "RAM" for hierarchy "RAM:RAM_inst" File: D:/Docs/Universidade/LogicaReconfiguravel/LogicaReconfiguravel/Lab04/Proj_Quartus/USERHW_NIOS/USERHW_NIOS.vhd Line: 74
Info (12128): Elaborating entity "altsyncram" for hierarchy "RAM:RAM_inst|altsyncram:altsyncram_component" File: D:/Docs/Universidade/LogicaReconfiguravel/LogicaReconfiguravel/Lab04/Proj_Quartus/USERHW_NIOS/RAM.vhd Line: 63
Info (12130): Elaborated megafunction instantiation "RAM:RAM_inst|altsyncram:altsyncram_component" File: D:/Docs/Universidade/LogicaReconfiguravel/LogicaReconfiguravel/Lab04/Proj_Quartus/USERHW_NIOS/RAM.vhd Line: 63
Info (12133): Instantiated megafunction "RAM:RAM_inst|altsyncram:altsyncram_component" with the following parameter: File: D:/Docs/Universidade/LogicaReconfiguravel/LogicaReconfiguravel/Lab04/Proj_Quartus/USERHW_NIOS/RAM.vhd Line: 63
    Info (12134): Parameter "address_aclr_a" = "UNUSED"
    Info (12134): Parameter "address_aclr_b" = "NONE"
    Info (12134): Parameter "address_reg_b" = "CLOCK1"
    Info (12134): Parameter "byte_size" = "8"
    Info (12134): Parameter "byteena_aclr_a" = "UNUSED"
    Info (12134): Parameter "byteena_aclr_b" = "NONE"
    Info (12134): Parameter "byteena_reg_b" = "CLOCK1"
    Info (12134): Parameter "clock_enable_core_a" = "USE_INPUT_CLKEN"
    Info (12134): Parameter "clock_enable_core_b" = "USE_INPUT_CLKEN"
    Info (12134): Parameter "clock_enable_input_a" = "BYPASS"
    Info (12134): Parameter "clock_enable_input_b" = "NORMAL"
    Info (12134): Parameter "clock_enable_output_a" = "BYPASS"
    Info (12134): Parameter "clock_enable_output_b" = "NORMAL"
    Info (12134): Parameter "intended_device_family" = "Cyclone 10 LP"
    Info (12134): Parameter "ecc_pipeline_stage_enabled" = "FALSE"
    Info (12134): Parameter "enable_ecc" = "FALSE"
    Info (12134): Parameter "implement_in_les" = "OFF"
    Info (12134): Parameter "indata_aclr_a" = "UNUSED"
    Info (12134): Parameter "indata_aclr_b" = "NONE"
    Info (12134): Parameter "indata_reg_b" = "CLOCK1"
    Info (12134): Parameter "init_file" = "UNUSED"
    Info (12134): Parameter "init_file_layout" = "PORT_A"
    Info (12134): Parameter "maximum_depth" = "0"
    Info (12134): Parameter "numwords_a" = "65536"
    Info (12134): Parameter "numwords_b" = "0"
    Info (12134): Parameter "operation_mode" = "SINGLE_PORT"
    Info (12134): Parameter "outdata_aclr_a" = "NONE"
    Info (12134): Parameter "outdata_aclr_b" = "NONE"
    Info (12134): Parameter "outdata_reg_a" = "CLOCK0"
    Info (12134): Parameter "outdata_reg_b" = "UNREGISTERED"
    Info (12134): Parameter "power_up_uninitialized" = "FALSE"
    Info (12134): Parameter "ram_block_type" = "AUTO"
    Info (12134): Parameter "rdcontrol_aclr_b" = "NONE"
    Info (12134): Parameter "rdcontrol_reg_b" = "CLOCK1"
    Info (12134): Parameter "read_during_write_mode_mixed_ports" = "DONT_CARE"
    Info (12134): Parameter "read_during_write_mode_port_a" = "NEW_DATA_NO_NBE_READ"
    Info (12134): Parameter "read_during_write_mode_port_b" = "NEW_DATA_NO_NBE_READ"
    Info (12134): Parameter "stratixiv_m144k_allow_dual_clocks" = "ON"
    Info (12134): Parameter "width_a" = "8"
    Info (12134): Parameter "width_b" = "1"
    Info (12134): Parameter "width_byteena_a" = "1"
    Info (12134): Parameter "width_byteena_b" = "1"
    Info (12134): Parameter "width_eccstatus" = "3"
    Info (12134): Parameter "widthad_a" = "16"
    Info (12134): Parameter "widthad_b" = "1"
    Info (12134): Parameter "wrcontrol_aclr_a" = "UNUSED"
    Info (12134): Parameter "wrcontrol_aclr_b" = "NONE"
    Info (12134): Parameter "wrcontrol_wraddress_reg_b" = "CLOCK1"
    Info (12134): Parameter "lpm_hint" = "ENABLE_RUNTIME_MOD=NO"
    Info (12134): Parameter "lpm_type" = "altsyncram"
Info (12021): Found 1 design units, including 1 entities, in source file db/altsyncram_81q3.tdf
    Info (12023): Found entity 1: altsyncram_81q3 File: D:/Docs/Universidade/LogicaReconfiguravel/LogicaReconfiguravel/Lab04/Proj_Quartus/USERHW_NIOS/db/altsyncram_81q3.tdf Line: 32
Info (12128): Elaborating entity "altsyncram_81q3" for hierarchy "RAM:RAM_inst|altsyncram:altsyncram_component|altsyncram_81q3:auto_generated" File: d:/programfiles/intelfpga_lite/21.1/quartus/libraries/megafunctions/altsyncram.tdf Line: 792
Info (12021): Found 1 design units, including 1 entities, in source file db/decode_ksa.tdf
    Info (12023): Found entity 1: decode_ksa File: D:/Docs/Universidade/LogicaReconfiguravel/LogicaReconfiguravel/Lab04/Proj_Quartus/USERHW_NIOS/db/decode_ksa.tdf Line: 23
Info (12128): Elaborating entity "decode_ksa" for hierarchy "RAM:RAM_inst|altsyncram:altsyncram_component|altsyncram_81q3:auto_generated|decode_ksa:decode3" File: D:/Docs/Universidade/LogicaReconfiguravel/LogicaReconfiguravel/Lab04/Proj_Quartus/USERHW_NIOS/db/altsyncram_81q3.tdf Line: 46
Info (12021): Found 1 design units, including 1 entities, in source file db/mux_4nb.tdf
    Info (12023): Found entity 1: mux_4nb File: D:/Docs/Universidade/LogicaReconfiguravel/LogicaReconfiguravel/Lab04/Proj_Quartus/USERHW_NIOS/db/mux_4nb.tdf Line: 23
Info (12128): Elaborating entity "mux_4nb" for hierarchy "RAM:RAM_inst|altsyncram:altsyncram_component|altsyncram_81q3:auto_generated|mux_4nb:mux2" File: D:/Docs/Universidade/LogicaReconfiguravel/LogicaReconfiguravel/Lab04/Proj_Quartus/USERHW_NIOS/db/altsyncram_81q3.tdf Line: 48
Info (286030): Timing-Driven Synthesis is running
Info (16010): Generating hard_block partition "hard_block:auto_generated_inst"
    Info (16011): Adding 0 node(s), including 0 DDIO, 0 PLL, 0 transceiver and 0 LCELL
Warning (21074): Design contains 16 input pin(s) that do not drive logic
    Warning (15610): No output dependent on input pin "WRITEDATA[16]" File: D:/Docs/Universidade/LogicaReconfiguravel/LogicaReconfiguravel/Lab04/Proj_Quartus/USERHW_NIOS/USERHW_NIOS.vhd Line: 9
    Warning (15610): No output dependent on input pin "WRITEDATA[17]" File: D:/Docs/Universidade/LogicaReconfiguravel/LogicaReconfiguravel/Lab04/Proj_Quartus/USERHW_NIOS/USERHW_NIOS.vhd Line: 9
    Warning (15610): No output dependent on input pin "WRITEDATA[18]" File: D:/Docs/Universidade/LogicaReconfiguravel/LogicaReconfiguravel/Lab04/Proj_Quartus/USERHW_NIOS/USERHW_NIOS.vhd Line: 9
    Warning (15610): No output dependent on input pin "WRITEDATA[19]" File: D:/Docs/Universidade/LogicaReconfiguravel/LogicaReconfiguravel/Lab04/Proj_Quartus/USERHW_NIOS/USERHW_NIOS.vhd Line: 9
    Warning (15610): No output dependent on input pin "WRITEDATA[20]" File: D:/Docs/Universidade/LogicaReconfiguravel/LogicaReconfiguravel/Lab04/Proj_Quartus/USERHW_NIOS/USERHW_NIOS.vhd Line: 9
    Warning (15610): No output dependent on input pin "WRITEDATA[21]" File: D:/Docs/Universidade/LogicaReconfiguravel/LogicaReconfiguravel/Lab04/Proj_Quartus/USERHW_NIOS/USERHW_NIOS.vhd Line: 9
    Warning (15610): No output dependent on input pin "WRITEDATA[22]" File: D:/Docs/Universidade/LogicaReconfiguravel/LogicaReconfiguravel/Lab04/Proj_Quartus/USERHW_NIOS/USERHW_NIOS.vhd Line: 9
    Warning (15610): No output dependent on input pin "WRITEDATA[23]" File: D:/Docs/Universidade/LogicaReconfiguravel/LogicaReconfiguravel/Lab04/Proj_Quartus/USERHW_NIOS/USERHW_NIOS.vhd Line: 9
    Warning (15610): No output dependent on input pin "WRITEDATA[24]" File: D:/Docs/Universidade/LogicaReconfiguravel/LogicaReconfiguravel/Lab04/Proj_Quartus/USERHW_NIOS/USERHW_NIOS.vhd Line: 9
    Warning (15610): No output dependent on input pin "WRITEDATA[25]" File: D:/Docs/Universidade/LogicaReconfiguravel/LogicaReconfiguravel/Lab04/Proj_Quartus/USERHW_NIOS/USERHW_NIOS.vhd Line: 9
    Warning (15610): No output dependent on input pin "WRITEDATA[26]" File: D:/Docs/Universidade/LogicaReconfiguravel/LogicaReconfiguravel/Lab04/Proj_Quartus/USERHW_NIOS/USERHW_NIOS.vhd Line: 9
    Warning (15610): No output dependent on input pin "WRITEDATA[27]" File: D:/Docs/Universidade/LogicaReconfiguravel/LogicaReconfiguravel/Lab04/Proj_Quartus/USERHW_NIOS/USERHW_NIOS.vhd Line: 9
    Warning (15610): No output dependent on input pin "WRITEDATA[28]" File: D:/Docs/Universidade/LogicaReconfiguravel/LogicaReconfiguravel/Lab04/Proj_Quartus/USERHW_NIOS/USERHW_NIOS.vhd Line: 9
    Warning (15610): No output dependent on input pin "WRITEDATA[29]" File: D:/Docs/Universidade/LogicaReconfiguravel/LogicaReconfiguravel/Lab04/Proj_Quartus/USERHW_NIOS/USERHW_NIOS.vhd Line: 9
    Warning (15610): No output dependent on input pin "WRITEDATA[30]" File: D:/Docs/Universidade/LogicaReconfiguravel/LogicaReconfiguravel/Lab04/Proj_Quartus/USERHW_NIOS/USERHW_NIOS.vhd Line: 9
    Warning (15610): No output dependent on input pin "WRITEDATA[31]" File: D:/Docs/Universidade/LogicaReconfiguravel/LogicaReconfiguravel/Lab04/Proj_Quartus/USERHW_NIOS/USERHW_NIOS.vhd Line: 9
Info (21057): Implemented 230 device resources after synthesis - the final resource count might be different
    Info (21058): Implemented 39 input pins
    Info (21059): Implemented 32 output pins
    Info (21061): Implemented 95 logic cells
    Info (21064): Implemented 64 RAM segments
Info: Quartus Prime Analysis & Synthesis was successful. 0 errors, 20 warnings
    Info: Peak virtual memory: 4833 megabytes
    Info: Processing ended: Wed Oct 26 21:26:23 2022
    Info: Elapsed time: 00:00:07
    Info: Total CPU time (on all processors): 00:00:16


